[ 2017-11-18T02:47:04+08:00 ] 171.214.202.175 /
INFO: [ app_init ] --START--
INFO: Run Behavior\BuildLiteBehavior [ RunTime:0.000013s ]
INFO: [ app_init ] --END-- [ RunTime:0.000349s ]
INFO: [ app_begin ] --START--
INFO: Run Behavior\ReadHtmlCacheBehavior [ RunTime:0.000309s ]
INFO: [ app_begin ] --END-- [ RunTime:0.000348s ]
NOTIC: [8] A session had already been started - ignoring session_start() /data/wwwroot/tjzsyl/ThinkPHP/Common/functions.php 第 1263 行.
SQL: SHOW COLUMNS FROM `zs_user` [ RunTime:0.0006s ]

[ 2017-11-18T04:01:01+08:00 ] 101.200.168.135 /index.php/Home/Api/syncEveryDay
INFO: [ app_init ] --START--
INFO: Run Behavior\BuildLiteBehavior [ RunTime:0.000012s ]
INFO: [ app_init ] --END-- [ RunTime:0.000255s ]
INFO: [ app_begin ] --START--
INFO: Run Behavior\ReadHtmlCacheBehavior [ RunTime:0.000363s ]
INFO: [ app_begin ] --END-- [ RunTime:0.000401s ]
NOTIC: [8] A session had already been started - ignoring session_start() /data/wwwroot/tjzsyl/ThinkPHP/Common/functions.php 第 1263 行.
NOTIC: [8] Undefined index: username /data/wwwroot/tjzsyl/Application/Home/Controller/ApiController.class.php 第 10 行.
NOTIC: [8] Undefined index: password /data/wwwroot/tjzsyl/Application/Home/Controller/ApiController.class.php 第 11 行.

[ 2017-11-18T11:49:33+08:00 ] 113.88.15.128 /
INFO: [ app_init ] --START--
INFO: Run Behavior\BuildLiteBehavior [ RunTime:0.000012s ]
INFO: [ app_init ] --END-- [ RunTime:0.000250s ]
INFO: [ app_begin ] --START--
INFO: Run Behavior\ReadHtmlCacheBehavior [ RunTime:0.000305s ]
INFO: [ app_begin ] --END-- [ RunTime:0.000417s ]
NOTIC: [8] A session had already been started - ignoring session_start() /data/wwwroot/tjzsyl/ThinkPHP/Common/functions.php 第 1263 行.
SQL: SHOW COLUMNS FROM `zs_user` [ RunTime:0.0006s ]

[ 2017-11-18T17:30:28+08:00 ] 106.11.226.78 /
INFO: [ app_init ] --START--
INFO: Run Behavior\BuildLiteBehavior [ RunTime:0.000017s ]
INFO: [ app_init ] --END-- [ RunTime:0.000271s ]
INFO: [ app_begin ] --START--
INFO: Run Behavior\ReadHtmlCacheBehavior [ RunTime:0.000361s ]
INFO: [ app_begin ] --END-- [ RunTime:0.000416s ]
NOTIC: [8] A session had already been started - ignoring session_start() /data/wwwroot/tjzsyl/ThinkPHP/Common/functions.php 第 1263 行.
SQL: SHOW COLUMNS FROM `zs_user` [ RunTime:0.0007s ]

[ 2017-11-18T20:33:04+08:00 ] 202.108.211.56 /
INFO: [ app_init ] --START--
INFO: Run Behavior\BuildLiteBehavior [ RunTime:0.000012s ]
INFO: [ app_init ] --END-- [ RunTime:0.000297s ]
INFO: [ app_begin ] --START--
INFO: Run Behavior\ReadHtmlCacheBehavior [ RunTime:0.000307s ]
INFO: [ app_begin ] --END-- [ RunTime:0.000346s ]
NOTIC: [8] A session had already been started - ignoring session_start() /data/wwwroot/tjzsyl/ThinkPHP/Common/functions.php 第 1263 行.
SQL: SHOW COLUMNS FROM `zs_user` [ RunTime:0.0007s ]

[ 2017-11-18T21:13:03+08:00 ] 183.136.190.62 /
INFO: [ app_init ] --START--
INFO: Run Behavior\BuildLiteBehavior [ RunTime:0.000012s ]
INFO: [ app_init ] --END-- [ RunTime:0.000254s ]
INFO: [ app_begin ] --START--
INFO: Run Behavior\ReadHtmlCacheBehavior [ RunTime:0.000341s ]
INFO: [ app_begin ] --END-- [ RunTime:0.000422s ]
NOTIC: [8] A session had already been started - ignoring session_start() /data/wwwroot/tjzsyl/ThinkPHP/Common/functions.php 第 1263 行.
SQL: SHOW COLUMNS FROM `zs_user` [ RunTime:0.0009s ]

