[ 2017-11-22T00:21:38+08:00 ] 66.249.64.138 /
INFO: [ app_init ] --START--
INFO: Run Behavior\BuildLiteBehavior [ RunTime:0.000019s ]
INFO: [ app_init ] --END-- [ RunTime:0.000355s ]
INFO: [ app_begin ] --START--
INFO: Run Behavior\ReadHtmlCacheBehavior [ RunTime:0.000362s ]
INFO: [ app_begin ] --END-- [ RunTime:0.000403s ]
NOTIC: [8] A session had already been started - ignoring session_start() /data/wwwroot/tjzsyl/ThinkPHP/Common/functions.php 第 1263 行.
SQL: SHOW COLUMNS FROM `zs_user` [ RunTime:0.0007s ]

[ 2017-11-22T01:48:13+08:00 ] 66.249.64.138 /index.php/Home/Index/departmentArrange/deptid/44615f7d-a3f4-4f60-83e5-76c1bd571240
INFO: [ app_init ] --START--
INFO: Run Behavior\BuildLiteBehavior [ RunTime:0.000012s ]
INFO: [ app_init ] --END-- [ RunTime:0.000295s ]
INFO: [ app_begin ] --START--
INFO: Run Behavior\ReadHtmlCacheBehavior [ RunTime:0.000307s ]
INFO: [ app_begin ] --END-- [ RunTime:0.000346s ]
NOTIC: [8] A session had already been started - ignoring session_start() /data/wwwroot/tjzsyl/ThinkPHP/Common/functions.php 第 1263 行.
SQL: SHOW COLUMNS FROM `zs_user` [ RunTime:0.0006s ]

[ 2017-11-22T02:18:45+08:00 ] 66.249.64.134 /
INFO: [ app_init ] --START--
INFO: Run Behavior\BuildLiteBehavior [ RunTime:0.000012s ]
INFO: [ app_init ] --END-- [ RunTime:0.000262s ]
INFO: [ app_begin ] --START--
INFO: Run Behavior\ReadHtmlCacheBehavior [ RunTime:0.000356s ]
INFO: [ app_begin ] --END-- [ RunTime:0.000395s ]
NOTIC: [8] A session had already been started - ignoring session_start() /data/wwwroot/tjzsyl/ThinkPHP/Common/functions.php 第 1263 行.
SQL: SHOW COLUMNS FROM `zs_user` [ RunTime:0.0007s ]

[ 2017-11-22T02:49:40+08:00 ] 66.249.64.134 /
INFO: [ app_init ] --START--
INFO: Run Behavior\BuildLiteBehavior [ RunTime:0.000013s ]
INFO: [ app_init ] --END-- [ RunTime:0.000259s ]
INFO: [ app_begin ] --START--
INFO: Run Behavior\ReadHtmlCacheBehavior [ RunTime:0.000309s ]
INFO: [ app_begin ] --END-- [ RunTime:0.000349s ]
NOTIC: [8] A session had already been started - ignoring session_start() /data/wwwroot/tjzsyl/ThinkPHP/Common/functions.php 第 1263 行.
SQL: SHOW COLUMNS FROM `zs_user` [ RunTime:0.0007s ]

[ 2017-11-22T03:06:19+08:00 ] 106.11.227.37 /
INFO: [ app_init ] --START--
INFO: Run Behavior\BuildLiteBehavior [ RunTime:0.000013s ]
INFO: [ app_init ] --END-- [ RunTime:0.000306s ]
INFO: [ app_begin ] --START--
INFO: Run Behavior\ReadHtmlCacheBehavior [ RunTime:0.000308s ]
INFO: [ app_begin ] --END-- [ RunTime:0.000350s ]
NOTIC: [8] A session had already been started - ignoring session_start() /data/wwwroot/tjzsyl/ThinkPHP/Common/functions.php 第 1263 行.
SQL: SHOW COLUMNS FROM `zs_user` [ RunTime:0.0009s ]

[ 2017-11-22T03:56:24+08:00 ] 66.249.64.134 /
INFO: [ app_init ] --START--
INFO: Run Behavior\BuildLiteBehavior [ RunTime:0.000018s ]
INFO: [ app_init ] --END-- [ RunTime:0.000295s ]
INFO: [ app_begin ] --START--
INFO: Run Behavior\ReadHtmlCacheBehavior [ RunTime:0.000377s ]
INFO: [ app_begin ] --END-- [ RunTime:0.000416s ]
NOTIC: [8] A session had already been started - ignoring session_start() /data/wwwroot/tjzsyl/ThinkPHP/Common/functions.php 第 1263 行.
SQL: SHOW COLUMNS FROM `zs_user` [ RunTime:0.0006s ]

[ 2017-11-22T04:01:01+08:00 ] 101.200.168.135 /index.php/Home/Api/syncEveryDay
INFO: [ app_init ] --START--
INFO: Run Behavior\BuildLiteBehavior [ RunTime:0.000013s ]
INFO: [ app_init ] --END-- [ RunTime:0.000262s ]
INFO: [ app_begin ] --START--
INFO: Run Behavior\ReadHtmlCacheBehavior [ RunTime:0.000360s ]
INFO: [ app_begin ] --END-- [ RunTime:0.000400s ]
NOTIC: [8] A session had already been started - ignoring session_start() /data/wwwroot/tjzsyl/ThinkPHP/Common/functions.php 第 1263 行.
NOTIC: [8] Undefined index: username /data/wwwroot/tjzsyl/Application/Home/Controller/ApiController.class.php 第 10 行.
NOTIC: [8] Undefined index: password /data/wwwroot/tjzsyl/Application/Home/Controller/ApiController.class.php 第 11 行.

[ 2017-11-22T13:09:21+08:00 ] 203.130.43.155 /index.php/Home/Index/departlist/branchtype/2
INFO: [ app_init ] --START--
INFO: Run Behavior\BuildLiteBehavior [ RunTime:0.000013s ]
INFO: [ app_init ] --END-- [ RunTime:0.000301s ]
INFO: [ app_begin ] --START--
INFO: Run Behavior\ReadHtmlCacheBehavior [ RunTime:0.000314s ]
INFO: [ app_begin ] --END-- [ RunTime:0.000352s ]
NOTIC: [8] A session had already been started - ignoring session_start() /data/wwwroot/tjzsyl/ThinkPHP/Common/functions.php 第 1263 行.
SQL: SHOW COLUMNS FROM `zs_user` [ RunTime:0.0007s ]
SQL: SHOW COLUMNS FROM `zs_user` [ RunTime:0.0004s ]
SQL: SELECT * FROM `zs_user` WHERE `openid` = 'o4d8FwnnbIQoZlzdkmdqwJbl9J38' LIMIT 1   [ RunTime:0.0001s ]
SQL: SHOW COLUMNS FROM `zs_department` [ RunTime:0.0005s ]
NOTIC: [8] Undefined variable: erwhere /data/wwwroot/tjzsyl/Application/Home/Controller/IndexController.class.php 第 41 行.
SQL: SELECT * FROM `zs_department` WHERE `isenabled` = 1 AND `servendays` = 1 AND `branchtype` = 2 ORDER BY `ordernum` asc  [ RunTime:0.0002s ]
INFO: [ view_parse ] --START--
INFO: [ template_filter ] --START--
INFO: Run Behavior\ContentReplaceBehavior [ RunTime:0.000050s ]
INFO: [ template_filter ] --END-- [ RunTime:0.000088s ]
INFO: Run Behavior\ParseTemplateBehavior [ RunTime:0.005747s ]
INFO: [ view_parse ] --END-- [ RunTime:0.005788s ]
INFO: [ view_filter ] --START--
INFO: Run Behavior\WriteHtmlCacheBehavior [ RunTime:0.000110s ]
INFO: [ view_filter ] --END-- [ RunTime:0.000141s ]
INFO: [ app_end ] --START--
INFO: Run Behavior\ShowPageTraceBehavior [ RunTime:0.000354s ]
INFO: [ app_end ] --END-- [ RunTime:0.000391s ]

[ 2017-11-22T13:09:22+08:00 ] 203.130.43.155 /index.php/Home/Index/departmentArrange/deptid/1118a469-6a82-411d-84b0-29f8d2417a9a
INFO: [ app_init ] --START--
INFO: Run Behavior\BuildLiteBehavior [ RunTime:0.000012s ]
INFO: [ app_init ] --END-- [ RunTime:0.000256s ]
INFO: [ app_begin ] --START--
INFO: Run Behavior\ReadHtmlCacheBehavior [ RunTime:0.000348s ]
INFO: [ app_begin ] --END-- [ RunTime:0.000387s ]
NOTIC: [8] A session had already been started - ignoring session_start() /data/wwwroot/tjzsyl/ThinkPHP/Common/functions.php 第 1263 行.
SQL: SHOW COLUMNS FROM `zs_user` [ RunTime:0.0006s ]
SQL: SHOW COLUMNS FROM `zs_user` [ RunTime:0.0004s ]
SQL: SELECT * FROM `zs_user` WHERE `openid` = 'o4d8FwnnbIQoZlzdkmdqwJbl9J38' LIMIT 1   [ RunTime:0.0001s ]
SQL: SHOW COLUMNS FROM `zs_deptdayavl` [ RunTime:0.0004s ]
NOTIC: [8] Use of undefined constant status - assumed 'status' /data/wwwroot/tjzsyl/Application/Home/Controller/IndexController.class.php 第 58 行.
SQL: SELECT * FROM `zs_deptdayavl` WHERE ( date >= '2017-11-23' and date <= '2017-11-29' ) AND `status` = 1 AND `deptid` = '1118a469-6a82-411d-84b0-29f8d2417a9a' GROUP BY date  [ RunTime:0.0007s ]
SQL: SHOW COLUMNS FROM `zs_department` [ RunTime:0.0004s ]
SQL: SELECT * FROM `zs_department` WHERE `deptid` = '1118a469-6a82-411d-84b0-29f8d2417a9a' LIMIT 1   [ RunTime:0.0001s ]
SQL: SHOW COLUMNS FROM `zs_visitreal` [ RunTime:0.0004s ]
SQL: SELECT * FROM `zs_visitreal` WHERE `deptid` = '1118a469-6a82-411d-84b0-29f8d2417a9a' AND `visitdate` = '2017-11-23' AND `isenabled` = 1 LIMIT 20   [ RunTime:0.0049s ]
SQL: SHOW COLUMNS FROM `zs_doctor` [ RunTime:0.0006s ]
SQL: SELECT * FROM `zs_doctor` WHERE ( docid in ('a26676a9-99f7-40b0-9560-15a0302f80e5','853a63e6-6ed2-4708-ba6f-b093f01c0967','4da9ee3e-3c19-4a7a-bb3d-2e2626efce7c','23c55d83-8ecd-4d7e-9352-ba7a89dfb734','853a63e6-6ed2-4708-ba6f-b093f01c0967','a26676a9-99f7-40b0-9560-15a0302f80e5','35c1e4a8-de6e-403c-b823-c045e7dea162') ) AND `isenabled` = 1  [ RunTime:0.0004s ]
SQL: SHOW COLUMNS FROM `zs_docanddep` [ RunTime:0.0004s ]
SQL: SELECT * FROM `zs_docanddep` WHERE ( docid in ('a26676a9-99f7-40b0-9560-15a0302f80e5','853a63e6-6ed2-4708-ba6f-b093f01c0967','4da9ee3e-3c19-4a7a-bb3d-2e2626efce7c','23c55d83-8ecd-4d7e-9352-ba7a89dfb734','853a63e6-6ed2-4708-ba6f-b093f01c0967','a26676a9-99f7-40b0-9560-15a0302f80e5','35c1e4a8-de6e-403c-b823-c045e7dea162') ) AND `isenabled` = 1  [ RunTime:0.0002s ]
SQL: SHOW COLUMNS FROM `zs_visittype` [ RunTime:0.0006s ]
SQL: SELECT * FROM `zs_visittype` WHERE ( visittypeid in ('a2d52f97-6faf-4102-9956-064f28834840','a2d52f97-6faf-4102-9956-064f28834840','a2d52f97-6faf-4102-9956-064f28834840','a2d52f97-6faf-4102-9956-064f28834840','a2d52f97-6faf-4102-9956-064f28834840','a2d52f97-6faf-4102-9956-064f28834840','a2d52f97-6faf-4102-9956-064f28834840') )  [ RunTime:0.0001s ]
INFO: [ view_parse ] --START--
INFO: [ template_filter ] --START--
INFO: Run Behavior\ContentReplaceBehavior [ RunTime:0.000071s ]
INFO: [ template_filter ] --END-- [ RunTime:0.000112s ]
INFO: Run Behavior\ParseTemplateBehavior [ RunTime:0.010272s ]
INFO: [ view_parse ] --END-- [ RunTime:0.010315s ]
INFO: [ view_filter ] --START--
INFO: Run Behavior\WriteHtmlCacheBehavior [ RunTime:0.000113s ]
INFO: [ view_filter ] --END-- [ RunTime:0.000144s ]
INFO: [ app_end ] --START--
INFO: Run Behavior\ShowPageTraceBehavior [ RunTime:0.000393s ]
INFO: [ app_end ] --END-- [ RunTime:0.000436s ]

[ 2017-11-22T13:09:41+08:00 ] 203.130.43.155 /index.php/Home/Index/departlist/branchtype/2
INFO: [ app_init ] --START--
INFO: Run Behavior\BuildLiteBehavior [ RunTime:0.000013s ]
INFO: [ app_init ] --END-- [ RunTime:0.000256s ]
INFO: [ app_begin ] --START--
INFO: Run Behavior\ReadHtmlCacheBehavior [ RunTime:0.000357s ]
INFO: [ app_begin ] --END-- [ RunTime:0.000396s ]
NOTIC: [8] A session had already been started - ignoring session_start() /data/wwwroot/tjzsyl/ThinkPHP/Common/functions.php 第 1263 行.
SQL: SHOW COLUMNS FROM `zs_user` [ RunTime:0.0007s ]
SQL: SHOW COLUMNS FROM `zs_user` [ RunTime:0.0004s ]
SQL: SELECT * FROM `zs_user` WHERE `openid` = 'o4d8FwnnbIQoZlzdkmdqwJbl9J38' LIMIT 1   [ RunTime:0.0001s ]
SQL: SHOW COLUMNS FROM `zs_department` [ RunTime:0.0004s ]
NOTIC: [8] Undefined variable: erwhere /data/wwwroot/tjzsyl/Application/Home/Controller/IndexController.class.php 第 41 行.
SQL: SELECT * FROM `zs_department` WHERE `isenabled` = 1 AND `servendays` = 1 AND `branchtype` = 2 ORDER BY `ordernum` asc  [ RunTime:0.0001s ]
INFO: [ view_parse ] --START--
INFO: [ template_filter ] --START--
INFO: Run Behavior\ContentReplaceBehavior [ RunTime:0.000055s ]
INFO: [ template_filter ] --END-- [ RunTime:0.000097s ]
INFO: Run Behavior\ParseTemplateBehavior [ RunTime:0.005722s ]
INFO: [ view_parse ] --END-- [ RunTime:0.005762s ]
INFO: [ view_filter ] --START--
INFO: Run Behavior\WriteHtmlCacheBehavior [ RunTime:0.000113s ]
INFO: [ view_filter ] --END-- [ RunTime:0.000144s ]
INFO: [ app_end ] --START--
INFO: Run Behavior\ShowPageTraceBehavior [ RunTime:0.000330s ]
INFO: [ app_end ] --END-- [ RunTime:0.000369s ]

[ 2017-11-22T13:09:42+08:00 ] 203.130.43.155 /index.php/Home/Index/departmentArrange/deptid/23acf6f8-ee79-44ff-8f37-9d151b31c4e7
INFO: [ app_init ] --START--
INFO: Run Behavior\BuildLiteBehavior [ RunTime:0.000013s ]
INFO: [ app_init ] --END-- [ RunTime:0.000257s ]
INFO: [ app_begin ] --START--
INFO: Run Behavior\ReadHtmlCacheBehavior [ RunTime:0.000362s ]
INFO: [ app_begin ] --END-- [ RunTime:0.000401s ]
NOTIC: [8] A session had already been started - ignoring session_start() /data/wwwroot/tjzsyl/ThinkPHP/Common/functions.php 第 1263 行.
SQL: SHOW COLUMNS FROM `zs_user` [ RunTime:0.0006s ]
SQL: SHOW COLUMNS FROM `zs_user` [ RunTime:0.0004s ]
SQL: SELECT * FROM `zs_user` WHERE `openid` = 'o4d8FwnnbIQoZlzdkmdqwJbl9J38' LIMIT 1   [ RunTime:0.0001s ]
SQL: SHOW COLUMNS FROM `zs_deptdayavl` [ RunTime:0.0004s ]
NOTIC: [8] Use of undefined constant status - assumed 'status' /data/wwwroot/tjzsyl/Application/Home/Controller/IndexController.class.php 第 58 行.
SQL: SELECT * FROM `zs_deptdayavl` WHERE ( date >= '2017-11-23' and date <= '2017-11-29' ) AND `status` = 1 AND `deptid` = '23acf6f8-ee79-44ff-8f37-9d151b31c4e7' GROUP BY date  [ RunTime:0.0007s ]
SQL: SHOW COLUMNS FROM `zs_department` [ RunTime:0.0004s ]
SQL: SELECT * FROM `zs_department` WHERE `deptid` = '23acf6f8-ee79-44ff-8f37-9d151b31c4e7' LIMIT 1   [ RunTime:0.0001s ]
SQL: SHOW COLUMNS FROM `zs_visitreal` [ RunTime:0.0004s ]
SQL: SELECT * FROM `zs_visitreal` WHERE `deptid` = '23acf6f8-ee79-44ff-8f37-9d151b31c4e7' AND `visitdate` = '2017-11-23' AND `isenabled` = 1 LIMIT 20   [ RunTime:0.0050s ]
SQL: SHOW COLUMNS FROM `zs_doctor` [ RunTime:0.0004s ]
SQL: SELECT * FROM `zs_doctor` WHERE ( docid in ('2620953f-abd8-407c-af3f-a18da9c46c0f','2568ca7a-2d49-4844-9c1c-32efdac9b6b4','e590bfc4-a5ab-4fcf-b1b1-3aa10c01187b','e590bfc4-a5ab-4fcf-b1b1-3aa10c01187b','42b356a2-39c4-463b-a98f-91288a9a8302','1c81268c-f332-43ea-9f99-7d846475450a','84b58d67-a02b-4199-a2b0-2211550f4ebd','a4974bf9-9d3f-4edd-b223-2d70d3151984','a4974bf9-9d3f-4edd-b223-2d70d3151984','1c81268c-f332-43ea-9f99-7d846475450a','45686db3-2956-435c-b729-52ad3ff10318','cdc4e16c-bc87-4fb0-ae2f-6a488f553090','cdc4e16c-bc87-4fb0-ae2f-6a488f553090','2620953f-abd8-407c-af3f-a18da9c46c0f','a27797b2-d41b-4c2e-a8a4-8ee55d5a7b14') ) AND `isenabled` = 1  [ RunTime:0.0004s ]
SQL: SHOW COLUMNS FROM `zs_docanddep` [ RunTime:0.0007s ]
SQL: SELECT * FROM `zs_docanddep` WHERE ( docid in ('2620953f-abd8-407c-af3f-a18da9c46c0f','2568ca7a-2d49-4844-9c1c-32efdac9b6b4','e590bfc4-a5ab-4fcf-b1b1-3aa10c01187b','e590bfc4-a5ab-4fcf-b1b1-3aa10c01187b','42b356a2-39c4-463b-a98f-91288a9a8302','1c81268c-f332-43ea-9f99-7d846475450a','84b58d67-a02b-4199-a2b0-2211550f4ebd','a4974bf9-9d3f-4edd-b223-2d70d3151984','a4974bf9-9d3f-4edd-b223-2d70d3151984','1c81268c-f332-43ea-9f99-7d846475450a','45686db3-2956-435c-b729-52ad3ff10318','cdc4e16c-bc87-4fb0-ae2f-6a488f553090','cdc4e16c-bc87-4fb0-ae2f-6a488f553090','2620953f-abd8-407c-af3f-a18da9c46c0f','a27797b2-d41b-4c2e-a8a4-8ee55d5a7b14') ) AND `isenabled` = 1  [ RunTime:0.0002s ]
SQL: SHOW COLUMNS FROM `zs_visittype` [ RunTime:0.0004s ]
SQL: SELECT * FROM `zs_visittype` WHERE ( visittypeid in ('b467da0d-be71-42a5-9fc3-203efa85b0a2','b467da0d-be71-42a5-9fc3-203efa85b0a2','a2d52f97-6faf-4102-9956-064f28834840','a2d52f97-6faf-4102-9956-064f28834840','a2d52f97-6faf-4102-9956-064f28834840','a2d52f97-6faf-4102-9956-064f28834840','a2d52f97-6faf-4102-9956-064f28834840','a2d52f97-6faf-4102-9956-064f28834840','a2d52f97-6faf-4102-9956-064f28834840','a2d52f97-6faf-4102-9956-064f28834840','a2d52f97-6faf-4102-9956-064f28834840','a2d52f97-6faf-4102-9956-064f28834840','a2d52f97-6faf-4102-9956-064f28834840','b467da0d-be71-42a5-9fc3-203efa85b0a2','a2d52f97-6faf-4102-9956-064f28834840') )  [ RunTime:0.0001s ]
INFO: [ view_parse ] --START--
INFO: [ template_filter ] --START--
INFO: Run Behavior\ContentReplaceBehavior [ RunTime:0.000070s ]
INFO: [ template_filter ] --END-- [ RunTime:0.000115s ]
INFO: Run Behavior\ParseTemplateBehavior [ RunTime:0.010099s ]
INFO: [ view_parse ] --END-- [ RunTime:0.010211s ]
INFO: [ view_filter ] --START--
INFO: Run Behavior\WriteHtmlCacheBehavior [ RunTime:0.000238s ]
INFO: [ view_filter ] --END-- [ RunTime:0.000298s ]
INFO: [ app_end ] --START--
INFO: Run Behavior\ShowPageTraceBehavior [ RunTime:0.000472s ]
INFO: [ app_end ] --END-- [ RunTime:0.000523s ]

[ 2017-11-22T13:09:44+08:00 ] 203.130.43.155 /index.php/Home/Index/departlist/branchtype/2
INFO: [ app_init ] --START--
INFO: Run Behavior\BuildLiteBehavior [ RunTime:0.000013s ]
INFO: [ app_init ] --END-- [ RunTime:0.000259s ]
INFO: [ app_begin ] --START--
INFO: Run Behavior\ReadHtmlCacheBehavior [ RunTime:0.000375s ]
INFO: [ app_begin ] --END-- [ RunTime:0.000413s ]
NOTIC: [8] A session had already been started - ignoring session_start() /data/wwwroot/tjzsyl/ThinkPHP/Common/functions.php 第 1263 行.
SQL: SHOW COLUMNS FROM `zs_user` [ RunTime:0.0007s ]
SQL: SHOW COLUMNS FROM `zs_user` [ RunTime:0.0004s ]
SQL: SELECT * FROM `zs_user` WHERE `openid` = 'o4d8FwnnbIQoZlzdkmdqwJbl9J38' LIMIT 1   [ RunTime:0.0001s ]
SQL: SHOW COLUMNS FROM `zs_department` [ RunTime:0.0004s ]
NOTIC: [8] Undefined variable: erwhere /data/wwwroot/tjzsyl/Application/Home/Controller/IndexController.class.php 第 41 行.
SQL: SELECT * FROM `zs_department` WHERE `isenabled` = 1 AND `servendays` = 1 AND `branchtype` = 2 ORDER BY `ordernum` asc  [ RunTime:0.0002s ]
INFO: [ view_parse ] --START--
INFO: [ template_filter ] --START--
INFO: Run Behavior\ContentReplaceBehavior [ RunTime:0.000050s ]
INFO: [ template_filter ] --END-- [ RunTime:0.000090s ]
INFO: Run Behavior\ParseTemplateBehavior [ RunTime:0.005588s ]
INFO: [ view_parse ] --END-- [ RunTime:0.005628s ]
INFO: [ view_filter ] --START--
INFO: Run Behavior\WriteHtmlCacheBehavior [ RunTime:0.000112s ]
INFO: [ view_filter ] --END-- [ RunTime:0.000144s ]
INFO: [ app_end ] --START--
INFO: Run Behavior\ShowPageTraceBehavior [ RunTime:0.000314s ]
INFO: [ app_end ] --END-- [ RunTime:0.000352s ]

[ 2017-11-22T13:09:45+08:00 ] 203.130.43.155 /index.php/Home/Index/departmentArrange/deptid/8c486d8b-74df-4ac5-9aae-eb1efb033966
INFO: [ app_init ] --START--
INFO: Run Behavior\BuildLiteBehavior [ RunTime:0.000014s ]
INFO: [ app_init ] --END-- [ RunTime:0.000269s ]
INFO: [ app_begin ] --START--
INFO: Run Behavior\ReadHtmlCacheBehavior [ RunTime:0.000312s ]
INFO: [ app_begin ] --END-- [ RunTime:0.000351s ]
NOTIC: [8] A session had already been started - ignoring session_start() /data/wwwroot/tjzsyl/ThinkPHP/Common/functions.php 第 1263 行.
SQL: SHOW COLUMNS FROM `zs_user` [ RunTime:0.0007s ]
SQL: SHOW COLUMNS FROM `zs_user` [ RunTime:0.0004s ]
SQL: SELECT * FROM `zs_user` WHERE `openid` = 'o4d8FwnnbIQoZlzdkmdqwJbl9J38' LIMIT 1   [ RunTime:0.0001s ]
SQL: SHOW COLUMNS FROM `zs_deptdayavl` [ RunTime:0.0004s ]
NOTIC: [8] Use of undefined constant status - assumed 'status' /data/wwwroot/tjzsyl/Application/Home/Controller/IndexController.class.php 第 58 行.
SQL: SELECT * FROM `zs_deptdayavl` WHERE ( date >= '2017-11-23' and date <= '2017-11-29' ) AND `status` = 1 AND `deptid` = '8c486d8b-74df-4ac5-9aae-eb1efb033966' GROUP BY date  [ RunTime:0.0007s ]
SQL: SHOW COLUMNS FROM `zs_department` [ RunTime:0.0004s ]
SQL: SELECT * FROM `zs_department` WHERE `deptid` = '8c486d8b-74df-4ac5-9aae-eb1efb033966' LIMIT 1   [ RunTime:0.0003s ]
SQL: SHOW COLUMNS FROM `zs_visitreal` [ RunTime:0.0004s ]
SQL: SELECT * FROM `zs_visitreal` WHERE `deptid` = '8c486d8b-74df-4ac5-9aae-eb1efb033966' AND `visitdate` = '2017-11-23' AND `isenabled` = 1 LIMIT 20   [ RunTime:0.0050s ]
SQL: SHOW COLUMNS FROM `zs_doctor` [ RunTime:0.0005s ]
SQL: SELECT * FROM `zs_doctor` WHERE ( docid in ('9229a552-34f9-43e8-a515-a126bfbb91f2','32c9568a-01c4-4456-8ded-baa0dde50689','32c9568a-01c4-4456-8ded-baa0dde50689','3da75d64-f985-415c-9670-16c9514078c2','3da75d64-f985-415c-9670-16c9514078c2') ) AND `isenabled` = 1  [ RunTime:0.0003s ]
SQL: SHOW COLUMNS FROM `zs_docanddep` [ RunTime:0.0004s ]
SQL: SELECT * FROM `zs_docanddep` WHERE ( docid in ('9229a552-34f9-43e8-a515-a126bfbb91f2','32c9568a-01c4-4456-8ded-baa0dde50689','32c9568a-01c4-4456-8ded-baa0dde50689','3da75d64-f985-415c-9670-16c9514078c2','3da75d64-f985-415c-9670-16c9514078c2') ) AND `isenabled` = 1  [ RunTime:0.0016s ]
SQL: SHOW COLUMNS FROM `zs_visittype` [ RunTime:0.0004s ]
SQL: SELECT * FROM `zs_visittype` WHERE ( visittypeid in ('b467da0d-be71-42a5-9fc3-203efa85b0a2','b467da0d-be71-42a5-9fc3-203efa85b0a2','b467da0d-be71-42a5-9fc3-203efa85b0a2','bc667ef5-284c-4919-9236-89e2626036bf','bc667ef5-284c-4919-9236-89e2626036bf') )  [ RunTime:0.0001s ]
INFO: [ view_parse ] --START--
INFO: [ template_filter ] --START--
INFO: Run Behavior\ContentReplaceBehavior [ RunTime:0.000069s ]
INFO: [ template_filter ] --END-- [ RunTime:0.000110s ]
INFO: Run Behavior\ParseTemplateBehavior [ RunTime:0.010713s ]
INFO: [ view_parse ] --END-- [ RunTime:0.010755s ]
INFO: [ view_filter ] --START--
INFO: Run Behavior\WriteHtmlCacheBehavior [ RunTime:0.000111s ]
INFO: [ view_filter ] --END-- [ RunTime:0.000143s ]
INFO: [ app_end ] --START--
INFO: Run Behavior\ShowPageTraceBehavior [ RunTime:0.000330s ]
INFO: [ app_end ] --END-- [ RunTime:0.000375s ]

[ 2017-11-22T13:09:48+08:00 ] 203.130.43.155 /index.php/Home/Index/departlist/branchtype/2
INFO: [ app_init ] --START--
INFO: Run Behavior\BuildLiteBehavior [ RunTime:0.000013s ]
INFO: [ app_init ] --END-- [ RunTime:0.000266s ]
INFO: [ app_begin ] --START--
INFO: Run Behavior\ReadHtmlCacheBehavior [ RunTime:0.000321s ]
INFO: [ app_begin ] --END-- [ RunTime:0.000360s ]
NOTIC: [8] A session had already been started - ignoring session_start() /data/wwwroot/tjzsyl/ThinkPHP/Common/functions.php 第 1263 行.
SQL: SHOW COLUMNS FROM `zs_user` [ RunTime:0.0006s ]
SQL: SHOW COLUMNS FROM `zs_user` [ RunTime:0.0004s ]
SQL: SELECT * FROM `zs_user` WHERE `openid` = 'o4d8FwnnbIQoZlzdkmdqwJbl9J38' LIMIT 1   [ RunTime:0.0001s ]
SQL: SHOW COLUMNS FROM `zs_department` [ RunTime:0.0005s ]
NOTIC: [8] Undefined variable: erwhere /data/wwwroot/tjzsyl/Application/Home/Controller/IndexController.class.php 第 41 行.
SQL: SELECT * FROM `zs_department` WHERE `isenabled` = 1 AND `servendays` = 1 AND `branchtype` = 2 ORDER BY `ordernum` asc  [ RunTime:0.0001s ]
INFO: [ view_parse ] --START--
INFO: [ template_filter ] --START--
INFO: Run Behavior\ContentReplaceBehavior [ RunTime:0.000058s ]
INFO: [ template_filter ] --END-- [ RunTime:0.000100s ]
INFO: Run Behavior\ParseTemplateBehavior [ RunTime:0.005958s ]
INFO: [ view_parse ] --END-- [ RunTime:0.006000s ]
INFO: [ view_filter ] --START--
INFO: Run Behavior\WriteHtmlCacheBehavior [ RunTime:0.000112s ]
INFO: [ view_filter ] --END-- [ RunTime:0.000144s ]
INFO: [ app_end ] --START--
INFO: Run Behavior\ShowPageTraceBehavior [ RunTime:0.000324s ]
INFO: [ app_end ] --END-- [ RunTime:0.000363s ]

[ 2017-11-22T13:39:18+08:00 ] 223.104.7.40 /
INFO: [ app_init ] --START--
INFO: Run Behavior\BuildLiteBehavior [ RunTime:0.000013s ]
INFO: [ app_init ] --END-- [ RunTime:0.000304s ]
INFO: [ app_begin ] --START--
INFO: Run Behavior\ReadHtmlCacheBehavior [ RunTime:0.000315s ]
INFO: [ app_begin ] --END-- [ RunTime:0.000353s ]
NOTIC: [8] A session had already been started - ignoring session_start() /data/wwwroot/tjzsyl/ThinkPHP/Common/functions.php 第 1263 行.
SQL: SHOW COLUMNS FROM `zs_user` [ RunTime:0.0006s ]

[ 2017-11-22T13:39:19+08:00 ] 223.104.7.40 /index.php/Home/Wechat/authorize?code=061NFXvr10sNzn0tX4yr1H7Wvr1NFXvj&state=STATE
INFO: [ app_init ] --START--
INFO: Run Behavior\BuildLiteBehavior [ RunTime:0.000013s ]
INFO: [ app_init ] --END-- [ RunTime:0.000257s ]
INFO: [ app_begin ] --START--
INFO: Run Behavior\ReadHtmlCacheBehavior [ RunTime:0.000360s ]
INFO: [ app_begin ] --END-- [ RunTime:0.000398s ]
NOTIC: [8] A session had already been started - ignoring session_start() /data/wwwroot/tjzsyl/ThinkPHP/Common/functions.php 第 1263 行.
SQL: SHOW COLUMNS FROM `zs_user` [ RunTime:0.0007s ]
NOTIC: [8] Undefined index: errorcode /data/wwwroot/tjzsyl/Application/Home/Controller/WechatController.class.php 第 43 行.
SQL: SHOW COLUMNS FROM `zs_user` [ RunTime:0.0008s ]
SQL: SELECT * FROM `zs_user` WHERE `openid` = 'o4d8FwoEhU86uY0bu-uRlmMjHCIQ' LIMIT 1   [ RunTime:0.0003s ]

[ 2017-11-22T13:39:19+08:00 ] 223.104.7.40 /
INFO: [ app_init ] --START--
INFO: Run Behavior\BuildLiteBehavior [ RunTime:0.000013s ]
INFO: [ app_init ] --END-- [ RunTime:0.000259s ]
INFO: [ app_begin ] --START--
INFO: Run Behavior\ReadHtmlCacheBehavior [ RunTime:0.000345s ]
INFO: [ app_begin ] --END-- [ RunTime:0.000384s ]
NOTIC: [8] A session had already been started - ignoring session_start() /data/wwwroot/tjzsyl/ThinkPHP/Common/functions.php 第 1263 行.
SQL: SHOW COLUMNS FROM `zs_user` [ RunTime:0.0006s ]
SQL: SHOW COLUMNS FROM `zs_user` [ RunTime:0.0004s ]
SQL: SELECT * FROM `zs_user` WHERE `openid` = 'o4d8FwoEhU86uY0bu-uRlmMjHCIQ' LIMIT 1   [ RunTime:0.0001s ]
SQL: SHOW COLUMNS FROM `zs_yuan` [ RunTime:0.0004s ]
SQL: SELECT * FROM `zs_yuan` WHERE `hid` = 1 ORDER BY enabled desc  [ RunTime:0.0001s ]
INFO: [ view_parse ] --START--
INFO: [ template_filter ] --START--
INFO: Run Behavior\ContentReplaceBehavior [ RunTime:0.000070s ]
INFO: [ template_filter ] --END-- [ RunTime:0.000117s ]
INFO: Run Behavior\ParseTemplateBehavior [ RunTime:0.006059s ]
INFO: [ view_parse ] --END-- [ RunTime:0.006101s ]
INFO: [ view_filter ] --START--
INFO: Run Behavior\WriteHtmlCacheBehavior [ RunTime:0.000117s ]
INFO: [ view_filter ] --END-- [ RunTime:0.000148s ]
INFO: [ app_end ] --START--
INFO: Run Behavior\ShowPageTraceBehavior [ RunTime:0.000395s ]
INFO: [ app_end ] --END-- [ RunTime:0.000430s ]

[ 2017-11-22T13:39:22+08:00 ] 223.104.7.40 /index.php/Home/Index/departlist/branchtype/1
INFO: [ app_init ] --START--
INFO: Run Behavior\BuildLiteBehavior [ RunTime:0.000013s ]
INFO: [ app_init ] --END-- [ RunTime:0.000302s ]
INFO: [ app_begin ] --START--
INFO: Run Behavior\ReadHtmlCacheBehavior [ RunTime:0.000313s ]
INFO: [ app_begin ] --END-- [ RunTime:0.000351s ]
NOTIC: [8] A session had already been started - ignoring session_start() /data/wwwroot/tjzsyl/ThinkPHP/Common/functions.php 第 1263 行.
SQL: SHOW COLUMNS FROM `zs_user` [ RunTime:0.0006s ]
SQL: SHOW COLUMNS FROM `zs_user` [ RunTime:0.0004s ]
SQL: SELECT * FROM `zs_user` WHERE `openid` = 'o4d8FwoEhU86uY0bu-uRlmMjHCIQ' LIMIT 1   [ RunTime:0.0001s ]
SQL: SHOW COLUMNS FROM `zs_department` [ RunTime:0.0004s ]
NOTIC: [8] Undefined variable: erwhere /data/wwwroot/tjzsyl/Application/Home/Controller/IndexController.class.php 第 41 行.
SQL: SELECT * FROM `zs_department` WHERE `isenabled` = 1 AND `servendays` = 1 AND `branchtype` = 1 ORDER BY `ordernum` asc  [ RunTime:0.0001s ]
INFO: [ view_parse ] --START--
INFO: [ template_filter ] --START--
INFO: Run Behavior\ContentReplaceBehavior [ RunTime:0.000056s ]
INFO: [ template_filter ] --END-- [ RunTime:0.000097s ]
INFO: Run Behavior\ParseTemplateBehavior [ RunTime:0.005676s ]
INFO: [ view_parse ] --END-- [ RunTime:0.005716s ]
INFO: [ view_filter ] --START--
INFO: Run Behavior\WriteHtmlCacheBehavior [ RunTime:0.000110s ]
INFO: [ view_filter ] --END-- [ RunTime:0.000143s ]
INFO: [ app_end ] --START--
INFO: Run Behavior\ShowPageTraceBehavior [ RunTime:0.000372s ]
INFO: [ app_end ] --END-- [ RunTime:0.000409s ]

[ 2017-11-22T13:40:24+08:00 ] 121.51.32.144 /index.php/Home/Index/departlist/branchtype/1
INFO: [ app_init ] --START--
INFO: Run Behavior\BuildLiteBehavior [ RunTime:0.000012s ]
INFO: [ app_init ] --END-- [ RunTime:0.000252s ]
INFO: [ app_begin ] --START--
INFO: Run Behavior\ReadHtmlCacheBehavior [ RunTime:0.000362s ]
INFO: [ app_begin ] --END-- [ RunTime:0.000404s ]
NOTIC: [8] A session had already been started - ignoring session_start() /data/wwwroot/tjzsyl/ThinkPHP/Common/functions.php 第 1263 行.
SQL: SHOW COLUMNS FROM `zs_user` [ RunTime:0.0006s ]

[ 2017-11-22T14:21:33+08:00 ] 64.74.215.158 /
INFO: [ app_init ] --START--
INFO: Run Behavior\BuildLiteBehavior [ RunTime:0.000013s ]
INFO: [ app_init ] --END-- [ RunTime:0.000261s ]
INFO: [ app_begin ] --START--
INFO: Run Behavior\ReadHtmlCacheBehavior [ RunTime:0.000309s ]
INFO: [ app_begin ] --END-- [ RunTime:0.000349s ]
NOTIC: [8] A session had already been started - ignoring session_start() /data/wwwroot/tjzsyl/ThinkPHP/Common/functions.php 第 1263 行.
SQL: SHOW COLUMNS FROM `zs_user` [ RunTime:0.0007s ]

[ 2017-11-22T19:55:10+08:00 ] 125.76.60.206 /
INFO: [ app_init ] --START--
INFO: Run Behavior\BuildLiteBehavior [ RunTime:0.000012s ]
INFO: [ app_init ] --END-- [ RunTime:0.000251s ]
INFO: [ app_begin ] --START--
INFO: Run Behavior\ReadHtmlCacheBehavior [ RunTime:0.000353s ]
INFO: [ app_begin ] --END-- [ RunTime:0.000393s ]
NOTIC: [8] A session had already been started - ignoring session_start() /data/wwwroot/tjzsyl/ThinkPHP/Common/functions.php 第 1263 行.
SQL: SHOW COLUMNS FROM `zs_user` [ RunTime:0.0006s ]

[ 2017-11-22T20:01:14+08:00 ] 202.108.211.56 /
INFO: [ app_init ] --START--
INFO: Run Behavior\BuildLiteBehavior [ RunTime:0.000016s ]
INFO: [ app_init ] --END-- [ RunTime:0.000316s ]
INFO: [ app_begin ] --START--
INFO: Run Behavior\ReadHtmlCacheBehavior [ RunTime:0.000331s ]
INFO: [ app_begin ] --END-- [ RunTime:0.000371s ]
NOTIC: [8] A session had already been started - ignoring session_start() /data/wwwroot/tjzsyl/ThinkPHP/Common/functions.php 第 1263 行.
SQL: SHOW COLUMNS FROM `zs_user` [ RunTime:0.0007s ]

[ 2017-11-22T21:49:21+08:00 ] 182.118.20.144 /
INFO: [ app_init ] --START--
INFO: Run Behavior\BuildLiteBehavior [ RunTime:0.000012s ]
INFO: [ app_init ] --END-- [ RunTime:0.000254s ]
INFO: [ app_begin ] --START--
INFO: Run Behavior\ReadHtmlCacheBehavior [ RunTime:0.000759s ]
INFO: [ app_begin ] --END-- [ RunTime:0.000825s ]
NOTIC: [8] A session had already been started - ignoring session_start() /data/wwwroot/tjzsyl/ThinkPHP/Common/functions.php 第 1263 行.
SQL: SHOW COLUMNS FROM `zs_user` [ RunTime:0.0006s ]

[ 2017-11-22T21:49:22+08:00 ] 106.120.162.108 /
INFO: [ app_init ] --START--
INFO: Run Behavior\BuildLiteBehavior [ RunTime:0.000012s ]
INFO: [ app_init ] --END-- [ RunTime:0.000251s ]
INFO: [ app_begin ] --START--
INFO: Run Behavior\ReadHtmlCacheBehavior [ RunTime:0.000304s ]
INFO: [ app_begin ] --END-- [ RunTime:0.000384s ]
NOTIC: [8] A session had already been started - ignoring session_start() /data/wwwroot/tjzsyl/ThinkPHP/Common/functions.php 第 1263 行.
SQL: SHOW COLUMNS FROM `zs_user` [ RunTime:0.0007s ]

[ 2017-11-22T22:39:09+08:00 ] 183.136.190.62 /
INFO: [ app_init ] --START--
INFO: Run Behavior\BuildLiteBehavior [ RunTime:0.000012s ]
INFO: [ app_init ] --END-- [ RunTime:0.000250s ]
INFO: [ app_begin ] --START--
INFO: Run Behavior\ReadHtmlCacheBehavior [ RunTime:0.000353s ]
INFO: [ app_begin ] --END-- [ RunTime:0.000393s ]
NOTIC: [8] A session had already been started - ignoring session_start() /data/wwwroot/tjzsyl/ThinkPHP/Common/functions.php 第 1263 行.
SQL: SHOW COLUMNS FROM `zs_user` [ RunTime:0.0007s ]

