[ 2017-11-17T17:18:15+08:00 ] 203.130.43.155 /index.php/Home/Index/departmentArrange/deptid/0e877945-1661-47c9-b728-99a4e005ba23/date/2017-11-21
INFO: [ app_init ] --START--
INFO: Run Behavior\BuildLiteBehavior [ RunTime:0.000012s ]
INFO: [ app_init ] --END-- [ RunTime:0.000253s ]
INFO: [ app_begin ] --START--
INFO: Run Behavior\ReadHtmlCacheBehavior [ RunTime:0.000384s ]
INFO: [ app_begin ] --END-- [ RunTime:0.000423s ]
NOTIC: [8] A session had already been started - ignoring session_start() /data/wwwroot/tjzsyl/ThinkPHP/Common/functions.php 第 1263 行.
SQL: SHOW COLUMNS FROM `zs_user` [ RunTime:0.0007s ]
SQL: SHOW COLUMNS FROM `zs_user` [ RunTime:0.0004s ]
SQL: SELECT * FROM `zs_user` WHERE `openid` = 'o4d8FwnnbIQoZlzdkmdqwJbl9J38' LIMIT 1   [ RunTime:0.0001s ]
SQL: SHOW COLUMNS FROM `zs_deptdayavl` [ RunTime:0.0003s ]
NOTIC: [8] Use of undefined constant status - assumed 'status' /data/wwwroot/tjzsyl/Application/Home/Controller/IndexController.class.php 第 58 行.
SQL: SELECT * FROM `zs_deptdayavl` WHERE ( date >= '2017-11-18' and date <= '2017-11-24' ) AND `status` = 1 AND `deptid` = '0e877945-1661-47c9-b728-99a4e005ba23' GROUP BY date  [ RunTime:0.0001s ]
SQL: SHOW COLUMNS FROM `zs_department` [ RunTime:0.0004s ]
SQL: SELECT * FROM `zs_department` WHERE `deptid` = '0e877945-1661-47c9-b728-99a4e005ba23' LIMIT 1   [ RunTime:0.0001s ]
SQL: SHOW COLUMNS FROM `zs_visitreal` [ RunTime:0.0004s ]
SQL: SELECT * FROM `zs_visitreal` WHERE `deptid` = '0e877945-1661-47c9-b728-99a4e005ba23' AND `visitdate` = '2017-11-21' AND `isenabled` = 1 LIMIT 20   [ RunTime:0.0001s ]
SQL: SHOW COLUMNS FROM `zs_doctor` [ RunTime:0.0004s ]
SQL: SELECT * FROM `zs_doctor` WHERE ( docid in ('d2255c87-3d7e-45bb-bb95-7fc93eeb3014') ) AND `isenabled` = 1  [ RunTime:0.0003s ]
SQL: SHOW COLUMNS FROM `zs_docanddep` [ RunTime:0.0004s ]
SQL: SELECT * FROM `zs_docanddep` WHERE ( docid in ('d2255c87-3d7e-45bb-bb95-7fc93eeb3014') ) AND `isenabled` = 1  [ RunTime:0.0001s ]
SQL: SHOW COLUMNS FROM `zs_visittype` [ RunTime:0.0004s ]
SQL: SELECT * FROM `zs_visittype` WHERE ( visittypeid in ('a2d52f97-6faf-4102-9956-064f28834840') )  [ RunTime:0.0001s ]
NOTIC: [2] usort() expects parameter 1 to be array, null given /data/wwwroot/tjzsyl/Application/Home/Controller/IndexController.class.php 第 154 行.
INFO: [ view_parse ] --START--
INFO: [ template_filter ] --START--
INFO: Run Behavior\ContentReplaceBehavior [ RunTime:0.000064s ]
INFO: [ template_filter ] --END-- [ RunTime:0.000101s ]
INFO: Run Behavior\ParseTemplateBehavior [ RunTime:0.009977s ]
INFO: [ view_parse ] --END-- [ RunTime:0.010016s ]
INFO: [ view_filter ] --START--
INFO: Run Behavior\WriteHtmlCacheBehavior [ RunTime:0.000110s ]
INFO: [ view_filter ] --END-- [ RunTime:0.000141s ]
INFO: [ app_end ] --START--
INFO: Run Behavior\ShowPageTraceBehavior [ RunTime:0.000381s ]
INFO: [ app_end ] --END-- [ RunTime:0.000419s ]

[ 2017-11-17T18:21:28+08:00 ] 117.136.54.121 /
INFO: [ app_init ] --START--
INFO: Run Behavior\BuildLiteBehavior [ RunTime:0.000013s ]
INFO: [ app_init ] --END-- [ RunTime:0.000303s ]
INFO: [ app_begin ] --START--
INFO: Run Behavior\ReadHtmlCacheBehavior [ RunTime:0.000303s ]
INFO: [ app_begin ] --END-- [ RunTime:0.000342s ]
NOTIC: [8] A session had already been started - ignoring session_start() /data/wwwroot/tjzsyl/ThinkPHP/Common/functions.php 第 1263 行.
SQL: SHOW COLUMNS FROM `zs_user` [ RunTime:0.0006s ]

[ 2017-11-17T18:21:32+08:00 ] 117.136.54.121 /index.php/Home/Wechat/authorize?code=001uLIw90CnJzv1wqIz90doGw90uLIwo&state=STATE
INFO: [ app_init ] --START--
INFO: Run Behavior\BuildLiteBehavior [ RunTime:0.000013s ]
INFO: [ app_init ] --END-- [ RunTime:0.000259s ]
INFO: [ app_begin ] --START--
INFO: Run Behavior\ReadHtmlCacheBehavior [ RunTime:0.000312s ]
INFO: [ app_begin ] --END-- [ RunTime:0.000351s ]
NOTIC: [8] A session had already been started - ignoring session_start() /data/wwwroot/tjzsyl/ThinkPHP/Common/functions.php 第 1263 行.
SQL: SHOW COLUMNS FROM `zs_user` [ RunTime:0.0006s ]
NOTIC: [8] Undefined index: errorcode /data/wwwroot/tjzsyl/Application/Home/Controller/WechatController.class.php 第 43 行.
SQL: SHOW COLUMNS FROM `zs_user` [ RunTime:0.0008s ]
SQL: SELECT * FROM `zs_user` WHERE `openid` = 'o4d8FwlxS_76ghiu3UP-GSB7euZA' LIMIT 1   [ RunTime:0.0003s ]
SQL: INSERT INTO `zs_user` (`openid`,`nickname`,`sex`,`language`,`city`,`province`,`headimgurl`) VALUES ('o4d8FwlxS_76ghiu3UP-GSB7euZA','国民小宝','1','zh_CN','安城市','济州岛','http://wx.qlogo.cn/mmopen/vi_32/Q0j4TwGTfTKcuSBUicAoT8JbBHLjQqiaia4DIQiaLtaoib6obCoq8CZD9nb5qBEz68oLiabzeBfe7QuPjBP35M5SwDTw/0') [ RunTime:0.0003s ]

[ 2017-11-17T18:21:32+08:00 ] 117.136.54.121 /
INFO: [ app_init ] --START--
INFO: Run Behavior\BuildLiteBehavior [ RunTime:0.000013s ]
INFO: [ app_init ] --END-- [ RunTime:0.000255s ]
INFO: [ app_begin ] --START--
INFO: Run Behavior\ReadHtmlCacheBehavior [ RunTime:0.000306s ]
INFO: [ app_begin ] --END-- [ RunTime:0.000344s ]
NOTIC: [8] A session had already been started - ignoring session_start() /data/wwwroot/tjzsyl/ThinkPHP/Common/functions.php 第 1263 行.
SQL: SHOW COLUMNS FROM `zs_user` [ RunTime:0.0007s ]
SQL: SHOW COLUMNS FROM `zs_user` [ RunTime:0.0004s ]
SQL: SELECT * FROM `zs_user` WHERE `openid` = 'o4d8FwlxS_76ghiu3UP-GSB7euZA' LIMIT 1   [ RunTime:0.0003s ]
INFO: [ view_parse ] --START--
INFO: [ template_filter ] --START--
INFO: Run Behavior\ContentReplaceBehavior [ RunTime:0.000033s ]
INFO: [ template_filter ] --END-- [ RunTime:0.000071s ]
INFO: Run Behavior\ParseTemplateBehavior [ RunTime:0.004063s ]
INFO: [ view_parse ] --END-- [ RunTime:0.004103s ]
INFO: [ view_filter ] --START--
INFO: Run Behavior\WriteHtmlCacheBehavior [ RunTime:0.000112s ]
INFO: [ view_filter ] --END-- [ RunTime:0.000144s ]

[ 2017-11-17T19:50:29+08:00 ] 140.207.54.79 /index.php?s=/home/weixin/index/id/3.html&signature=58415ab43f476f7cd9afb84cad9dee1e7525aa46&timestamp=1510919617&nonce=708516053&openid=oBtiPwnESHH9MMZC5mqXO0zX_2CE&encrypt_type=aes&msg_signature=2187ef297ac256d4fcc1ae692a87d1a8a76a97e2
INFO: [ app_init ] --START--
INFO: Run Behavior\BuildLiteBehavior [ RunTime:0.000013s ]
INFO: [ app_init ] --END-- [ RunTime:0.000301s ]
INFO: [ app_begin ] --START--
INFO: Run Behavior\ReadHtmlCacheBehavior [ RunTime:0.000307s ]
INFO: [ app_begin ] --END-- [ RunTime:0.000346s ]
NOTIC: [8] A session had already been started - ignoring session_start() /data/wwwroot/tjzsyl/ThinkPHP/Common/functions.php 第 1263 行.
ERR: 无法加载控制器:Weixin

[ 2017-11-17T22:25:27+08:00 ] 183.136.190.62 /
INFO: [ app_init ] --START--
INFO: Run Behavior\BuildLiteBehavior [ RunTime:0.000013s ]
INFO: [ app_init ] --END-- [ RunTime:0.000273s ]
INFO: [ app_begin ] --START--
INFO: Run Behavior\ReadHtmlCacheBehavior [ RunTime:0.000355s ]
INFO: [ app_begin ] --END-- [ RunTime:0.000395s ]
NOTIC: [8] A session had already been started - ignoring session_start() /data/wwwroot/tjzsyl/ThinkPHP/Common/functions.php 第 1263 行.
SQL: SHOW COLUMNS FROM `zs_user` [ RunTime:0.0007s ]

