[ 2017-11-20T01:47:54+08:00 ] 203.208.60.215 /index.php/Home/Index/timespan/visitid/486
INFO: [ app_init ] --START--
INFO: Run Behavior\BuildLiteBehavior [ RunTime:0.000014s ]
INFO: [ app_init ] --END-- [ RunTime:0.000337s ]
INFO: [ app_begin ] --START--
INFO: Run Behavior\ReadHtmlCacheBehavior [ RunTime:0.000350s ]
INFO: [ app_begin ] --END-- [ RunTime:0.000443s ]
NOTIC: [8] A session had already been started - ignoring session_start() /data/wwwroot/tjzsyl/ThinkPHP/Common/functions.php 第 1263 行.
SQL: SHOW COLUMNS FROM `zs_user` [ RunTime:0.0006s ]

[ 2017-11-20T01:56:44+08:00 ] 203.208.60.248 /
INFO: [ app_init ] --START--
INFO: Run Behavior\BuildLiteBehavior [ RunTime:0.000013s ]
INFO: [ app_init ] --END-- [ RunTime:0.000271s ]
INFO: [ app_begin ] --START--
INFO: Run Behavior\ReadHtmlCacheBehavior [ RunTime:0.000306s ]
INFO: [ app_begin ] --END-- [ RunTime:0.000345s ]
NOTIC: [8] A session had already been started - ignoring session_start() /data/wwwroot/tjzsyl/ThinkPHP/Common/functions.php 第 1263 行.
SQL: SHOW COLUMNS FROM `zs_user` [ RunTime:0.0006s ]

[ 2017-11-20T02:03:24+08:00 ] 203.208.60.235 /
INFO: [ app_init ] --START--
INFO: Run Behavior\BuildLiteBehavior [ RunTime:0.000012s ]
INFO: [ app_init ] --END-- [ RunTime:0.000252s ]
INFO: [ app_begin ] --START--
INFO: Run Behavior\ReadHtmlCacheBehavior [ RunTime:0.000353s ]
INFO: [ app_begin ] --END-- [ RunTime:0.000392s ]
NOTIC: [8] A session had already been started - ignoring session_start() /data/wwwroot/tjzsyl/ThinkPHP/Common/functions.php 第 1263 行.
SQL: SHOW COLUMNS FROM `zs_user` [ RunTime:0.0007s ]

[ 2017-11-20T03:04:24+08:00 ] 203.208.60.235 /
INFO: [ app_init ] --START--
INFO: Run Behavior\BuildLiteBehavior [ RunTime:0.000013s ]
INFO: [ app_init ] --END-- [ RunTime:0.000457s ]
INFO: [ app_begin ] --START--
INFO: Run Behavior\ReadHtmlCacheBehavior [ RunTime:0.000310s ]
INFO: [ app_begin ] --END-- [ RunTime:0.000349s ]
NOTIC: [8] A session had already been started - ignoring session_start() /data/wwwroot/tjzsyl/ThinkPHP/Common/functions.php 第 1263 行.
SQL: SHOW COLUMNS FROM `zs_user` [ RunTime:0.0008s ]

[ 2017-11-20T03:07:50+08:00 ] 106.11.225.100 /
INFO: [ app_init ] --START--
INFO: Run Behavior\BuildLiteBehavior [ RunTime:0.000013s ]
INFO: [ app_init ] --END-- [ RunTime:0.000256s ]
INFO: [ app_begin ] --START--
INFO: Run Behavior\ReadHtmlCacheBehavior [ RunTime:0.000306s ]
INFO: [ app_begin ] --END-- [ RunTime:0.000345s ]
NOTIC: [8] A session had already been started - ignoring session_start() /data/wwwroot/tjzsyl/ThinkPHP/Common/functions.php 第 1263 行.
SQL: SHOW COLUMNS FROM `zs_user` [ RunTime:0.0006s ]

[ 2017-11-20T03:24:45+08:00 ] 203.208.60.235 /
INFO: [ app_init ] --START--
INFO: Run Behavior\BuildLiteBehavior [ RunTime:0.000013s ]
INFO: [ app_init ] --END-- [ RunTime:0.000302s ]
INFO: [ app_begin ] --START--
INFO: Run Behavior\ReadHtmlCacheBehavior [ RunTime:0.000311s ]
INFO: [ app_begin ] --END-- [ RunTime:0.000350s ]
NOTIC: [8] A session had already been started - ignoring session_start() /data/wwwroot/tjzsyl/ThinkPHP/Common/functions.php 第 1263 行.
SQL: SHOW COLUMNS FROM `zs_user` [ RunTime:0.0007s ]

[ 2017-11-20T04:01:02+08:00 ] 101.200.168.135 /index.php/Home/Api/syncEveryDay
INFO: [ app_init ] --START--
INFO: Run Behavior\BuildLiteBehavior [ RunTime:0.000013s ]
INFO: [ app_init ] --END-- [ RunTime:0.000253s ]
INFO: [ app_begin ] --START--
INFO: Run Behavior\ReadHtmlCacheBehavior [ RunTime:0.000592s ]
INFO: [ app_begin ] --END-- [ RunTime:0.000632s ]
NOTIC: [8] A session had already been started - ignoring session_start() /data/wwwroot/tjzsyl/ThinkPHP/Common/functions.php 第 1263 行.
NOTIC: [8] Undefined index: username /data/wwwroot/tjzsyl/Application/Home/Controller/ApiController.class.php 第 10 行.
NOTIC: [8] Undefined index: password /data/wwwroot/tjzsyl/Application/Home/Controller/ApiController.class.php 第 11 行.

[ 2017-11-20T04:40:05+08:00 ] 50.125.101.219 /
INFO: [ app_init ] --START--
INFO: Run Behavior\BuildLiteBehavior [ RunTime:0.000013s ]
INFO: [ app_init ] --END-- [ RunTime:0.000293s ]
INFO: [ app_begin ] --START--
INFO: Run Behavior\ReadHtmlCacheBehavior [ RunTime:0.000386s ]
INFO: [ app_begin ] --END-- [ RunTime:0.000427s ]
NOTIC: [8] A session had already been started - ignoring session_start() /data/wwwroot/tjzsyl/ThinkPHP/Common/functions.php 第 1263 行.
SQL: SHOW COLUMNS FROM `zs_user` [ RunTime:0.0006s ]

[ 2017-11-20T08:43:09+08:00 ] 140.207.54.79 /index.php?s=/home/weixin/index/id/3.html&signature=356bac4cf3f74619194f87034fc9fc465e50e90f&timestamp=1511138779&nonce=2022575265&openid=oBtiPwtbcuWEwdVONDne3yo48lLI&encrypt_type=aes&msg_signature=c723843a3a66ec3f176c701892b16bb877248245
INFO: [ app_init ] --START--
INFO: Run Behavior\BuildLiteBehavior [ RunTime:0.000013s ]
INFO: [ app_init ] --END-- [ RunTime:0.000316s ]
INFO: [ app_begin ] --START--
INFO: Run Behavior\ReadHtmlCacheBehavior [ RunTime:0.000306s ]
INFO: [ app_begin ] --END-- [ RunTime:0.000346s ]
NOTIC: [8] A session had already been started - ignoring session_start() /data/wwwroot/tjzsyl/ThinkPHP/Common/functions.php 第 1263 行.
ERR: 无法加载控制器:Weixin

[ 2017-11-20T08:50:42+08:00 ] 123.151.77.70 /
INFO: [ app_init ] --START--
INFO: Run Behavior\BuildLiteBehavior [ RunTime:0.000012s ]
INFO: [ app_init ] --END-- [ RunTime:0.000249s ]
INFO: [ app_begin ] --START--
INFO: Run Behavior\ReadHtmlCacheBehavior [ RunTime:0.000348s ]
INFO: [ app_begin ] --END-- [ RunTime:0.000387s ]
NOTIC: [8] A session had already been started - ignoring session_start() /data/wwwroot/tjzsyl/ThinkPHP/Common/functions.php 第 1263 行.
SQL: SHOW COLUMNS FROM `zs_user` [ RunTime:0.0006s ]

[ 2017-11-20T08:50:44+08:00 ] 123.151.77.70 /index.php/Home/Wechat/authorize?code=071gMW0t19CbCb047o0t1ow61t1gMW0S&state=STATE
INFO: [ app_init ] --START--
INFO: Run Behavior\BuildLiteBehavior [ RunTime:0.000013s ]
INFO: [ app_init ] --END-- [ RunTime:0.000261s ]
INFO: [ app_begin ] --START--
INFO: Run Behavior\ReadHtmlCacheBehavior [ RunTime:0.000362s ]
INFO: [ app_begin ] --END-- [ RunTime:0.000402s ]
NOTIC: [8] A session had already been started - ignoring session_start() /data/wwwroot/tjzsyl/ThinkPHP/Common/functions.php 第 1263 行.
SQL: SHOW COLUMNS FROM `zs_user` [ RunTime:0.0007s ]
NOTIC: [8] Undefined index: errorcode /data/wwwroot/tjzsyl/Application/Home/Controller/WechatController.class.php 第 43 行.
SQL: SHOW COLUMNS FROM `zs_user` [ RunTime:0.0008s ]
SQL: SELECT * FROM `zs_user` WHERE `openid` = 'o4d8FwiTJhmFextwCrKds-u1yre8' LIMIT 1   [ RunTime:0.0003s ]

[ 2017-11-20T08:50:44+08:00 ] 125.39.45.236 /
INFO: [ app_init ] --START--
INFO: Run Behavior\BuildLiteBehavior [ RunTime:0.000011s ]
INFO: [ app_init ] --END-- [ RunTime:0.000274s ]
INFO: [ app_begin ] --START--
INFO: Run Behavior\ReadHtmlCacheBehavior [ RunTime:0.000291s ]
INFO: [ app_begin ] --END-- [ RunTime:0.000330s ]
NOTIC: [8] A session had already been started - ignoring session_start() /data/wwwroot/tjzsyl/ThinkPHP/Common/functions.php 第 1263 行.
SQL: SHOW COLUMNS FROM `zs_user` [ RunTime:0.0004s ]

[ 2017-11-20T08:50:44+08:00 ] 111.30.142.78 /
INFO: [ app_init ] --START--
INFO: Run Behavior\BuildLiteBehavior [ RunTime:0.000011s ]
INFO: [ app_init ] --END-- [ RunTime:0.000230s ]
INFO: [ app_begin ] --START--
INFO: Run Behavior\ReadHtmlCacheBehavior [ RunTime:0.000276s ]
INFO: [ app_begin ] --END-- [ RunTime:0.000314s ]
NOTIC: [8] A session had already been started - ignoring session_start() /data/wwwroot/tjzsyl/ThinkPHP/Common/functions.php 第 1263 行.
SQL: SHOW COLUMNS FROM `zs_user` [ RunTime:0.0004s ]

[ 2017-11-20T08:50:44+08:00 ] 111.30.142.227 /
INFO: [ app_init ] --START--
INFO: Run Behavior\BuildLiteBehavior [ RunTime:0.000013s ]
INFO: [ app_init ] --END-- [ RunTime:0.000262s ]
INFO: [ app_begin ] --START--
INFO: Run Behavior\ReadHtmlCacheBehavior [ RunTime:0.000527s ]
INFO: [ app_begin ] --END-- [ RunTime:0.000568s ]
NOTIC: [8] A session had already been started - ignoring session_start() /data/wwwroot/tjzsyl/ThinkPHP/Common/functions.php 第 1263 行.
SQL: SHOW COLUMNS FROM `zs_user` [ RunTime:0.0007s ]

[ 2017-11-20T08:50:44+08:00 ] 123.151.77.70 /
INFO: [ app_init ] --START--
INFO: Run Behavior\BuildLiteBehavior [ RunTime:0.000011s ]
INFO: [ app_init ] --END-- [ RunTime:0.000231s ]
INFO: [ app_begin ] --START--
INFO: Run Behavior\ReadHtmlCacheBehavior [ RunTime:0.000355s ]
INFO: [ app_begin ] --END-- [ RunTime:0.000396s ]
NOTIC: [8] A session had already been started - ignoring session_start() /data/wwwroot/tjzsyl/ThinkPHP/Common/functions.php 第 1263 行.
SQL: SHOW COLUMNS FROM `zs_user` [ RunTime:0.0005s ]
SQL: SHOW COLUMNS FROM `zs_user` [ RunTime:0.0004s ]
SQL: SELECT * FROM `zs_user` WHERE `openid` = 'o4d8FwiTJhmFextwCrKds-u1yre8' LIMIT 1   [ RunTime:0.0001s ]
SQL: SHOW COLUMNS FROM `zs_yuan` [ RunTime:0.0003s ]
SQL: SELECT * FROM `zs_yuan` WHERE `hid` = 1 ORDER BY enabled desc  [ RunTime:0.0001s ]
INFO: [ view_parse ] --START--
INFO: [ template_filter ] --START--
INFO: Run Behavior\ContentReplaceBehavior [ RunTime:0.000049s ]
INFO: [ template_filter ] --END-- [ RunTime:0.000089s ]
INFO: Run Behavior\ParseTemplateBehavior [ RunTime:0.006079s ]
INFO: [ view_parse ] --END-- [ RunTime:0.006127s ]
INFO: [ view_filter ] --START--
INFO: Run Behavior\WriteHtmlCacheBehavior [ RunTime:0.000133s ]
INFO: [ view_filter ] --END-- [ RunTime:0.000166s ]
INFO: [ app_end ] --START--
INFO: Run Behavior\ShowPageTraceBehavior [ RunTime:0.000318s ]
INFO: [ app_end ] --END-- [ RunTime:0.000352s ]

[ 2017-11-20T08:50:44+08:00 ] 125.39.132.92 /
INFO: [ app_init ] --START--
INFO: Run Behavior\BuildLiteBehavior [ RunTime:0.000010s ]
INFO: [ app_init ] --END-- [ RunTime:0.000274s ]
INFO: [ app_begin ] --START--
INFO: Run Behavior\ReadHtmlCacheBehavior [ RunTime:0.000277s ]
INFO: [ app_begin ] --END-- [ RunTime:0.000322s ]
NOTIC: [8] A session had already been started - ignoring session_start() /data/wwwroot/tjzsyl/ThinkPHP/Common/functions.php 第 1263 行.
SQL: SHOW COLUMNS FROM `zs_user` [ RunTime:0.0004s ]

[ 2017-11-20T08:50:48+08:00 ] 123.151.77.70 /index.php/Home/Index/departlist/branchtype/1
INFO: [ app_init ] --START--
INFO: Run Behavior\BuildLiteBehavior [ RunTime:0.000012s ]
INFO: [ app_init ] --END-- [ RunTime:0.000258s ]
INFO: [ app_begin ] --START--
INFO: Run Behavior\ReadHtmlCacheBehavior [ RunTime:0.000309s ]
INFO: [ app_begin ] --END-- [ RunTime:0.000347s ]
NOTIC: [8] A session had already been started - ignoring session_start() /data/wwwroot/tjzsyl/ThinkPHP/Common/functions.php 第 1263 行.
SQL: SHOW COLUMNS FROM `zs_user` [ RunTime:0.0008s ]
SQL: SHOW COLUMNS FROM `zs_user` [ RunTime:0.0071s ]
SQL: SELECT * FROM `zs_user` WHERE `openid` = 'o4d8FwiTJhmFextwCrKds-u1yre8' LIMIT 1   [ RunTime:0.0001s ]
SQL: SHOW COLUMNS FROM `zs_department` [ RunTime:0.0006s ]
NOTIC: [8] Undefined variable: erwhere /data/wwwroot/tjzsyl/Application/Home/Controller/IndexController.class.php 第 41 行.
SQL: SELECT * FROM `zs_department` WHERE `isenabled` = 1 AND `servendays` = 1 AND `branchtype` = 1 ORDER BY `ordernum` asc  [ RunTime:0.0002s ]
INFO: [ view_parse ] --START--
INFO: [ template_filter ] --START--
INFO: Run Behavior\ContentReplaceBehavior [ RunTime:0.000053s ]
INFO: [ template_filter ] --END-- [ RunTime:0.000094s ]
INFO: Run Behavior\ParseTemplateBehavior [ RunTime:0.008393s ]
INFO: [ view_parse ] --END-- [ RunTime:0.008441s ]
INFO: [ view_filter ] --START--
INFO: Run Behavior\WriteHtmlCacheBehavior [ RunTime:0.000111s ]
INFO: [ view_filter ] --END-- [ RunTime:0.000142s ]
INFO: [ app_end ] --START--
INFO: Run Behavior\ShowPageTraceBehavior [ RunTime:0.000367s ]
INFO: [ app_end ] --END-- [ RunTime:0.000405s ]

[ 2017-11-20T08:50:51+08:00 ] 120.204.17.68 /
INFO: [ app_init ] --START--
INFO: Run Behavior\BuildLiteBehavior [ RunTime:0.000014s ]
INFO: [ app_init ] --END-- [ RunTime:0.000304s ]
INFO: [ app_begin ] --START--
INFO: Run Behavior\ReadHtmlCacheBehavior [ RunTime:0.000315s ]
INFO: [ app_begin ] --END-- [ RunTime:0.000354s ]
NOTIC: [8] A session had already been started - ignoring session_start() /data/wwwroot/tjzsyl/ThinkPHP/Common/functions.php 第 1263 行.
SQL: SHOW COLUMNS FROM `zs_user` [ RunTime:0.0006s ]

[ 2017-11-20T08:51:05+08:00 ] 120.204.17.71 /
INFO: [ app_init ] --START--
INFO: Run Behavior\BuildLiteBehavior [ RunTime:0.000012s ]
INFO: [ app_init ] --END-- [ RunTime:0.000251s ]
INFO: [ app_begin ] --START--
INFO: Run Behavior\ReadHtmlCacheBehavior [ RunTime:0.000366s ]
INFO: [ app_begin ] --END-- [ RunTime:0.000405s ]
NOTIC: [8] A session had already been started - ignoring session_start() /data/wwwroot/tjzsyl/ThinkPHP/Common/functions.php 第 1263 行.
SQL: SHOW COLUMNS FROM `zs_user` [ RunTime:0.0006s ]

[ 2017-11-20T08:51:19+08:00 ] 120.204.17.70 /index.php/Home/Index/departlist/branchtype/1
INFO: [ app_init ] --START--
INFO: Run Behavior\BuildLiteBehavior [ RunTime:0.000012s ]
INFO: [ app_init ] --END-- [ RunTime:0.000251s ]
INFO: [ app_begin ] --START--
INFO: Run Behavior\ReadHtmlCacheBehavior [ RunTime:0.000314s ]
INFO: [ app_begin ] --END-- [ RunTime:0.000352s ]
NOTIC: [8] A session had already been started - ignoring session_start() /data/wwwroot/tjzsyl/ThinkPHP/Common/functions.php 第 1263 行.
SQL: SHOW COLUMNS FROM `zs_user` [ RunTime:0.0006s ]

[ 2017-11-20T08:51:25+08:00 ] 123.151.77.70 /
INFO: [ app_init ] --START--
INFO: Run Behavior\BuildLiteBehavior [ RunTime:0.000012s ]
INFO: [ app_init ] --END-- [ RunTime:0.000257s ]
INFO: [ app_begin ] --START--
INFO: Run Behavior\ReadHtmlCacheBehavior [ RunTime:0.000356s ]
INFO: [ app_begin ] --END-- [ RunTime:0.000396s ]
NOTIC: [8] A session had already been started - ignoring session_start() /data/wwwroot/tjzsyl/ThinkPHP/Common/functions.php 第 1263 行.
SQL: SHOW COLUMNS FROM `zs_user` [ RunTime:0.0009s ]
SQL: SHOW COLUMNS FROM `zs_user` [ RunTime:0.0005s ]
SQL: SELECT * FROM `zs_user` WHERE `openid` = 'o4d8FwiTJhmFextwCrKds-u1yre8' LIMIT 1   [ RunTime:0.0001s ]
SQL: SHOW COLUMNS FROM `zs_yuan` [ RunTime:0.0003s ]
SQL: SELECT * FROM `zs_yuan` WHERE `hid` = 1 ORDER BY enabled desc  [ RunTime:0.0001s ]
INFO: [ view_parse ] --START--
INFO: [ template_filter ] --START--
INFO: Run Behavior\ContentReplaceBehavior [ RunTime:0.000055s ]
INFO: [ template_filter ] --END-- [ RunTime:0.000096s ]
INFO: Run Behavior\ParseTemplateBehavior [ RunTime:0.006052s ]
INFO: [ view_parse ] --END-- [ RunTime:0.006093s ]
INFO: [ view_filter ] --START--
INFO: Run Behavior\WriteHtmlCacheBehavior [ RunTime:0.000112s ]
INFO: [ view_filter ] --END-- [ RunTime:0.000145s ]
INFO: [ app_end ] --START--
INFO: Run Behavior\ShowPageTraceBehavior [ RunTime:0.000330s ]
INFO: [ app_end ] --END-- [ RunTime:0.000364s ]

[ 2017-11-20T08:51:27+08:00 ] 123.151.77.70 /index.php/Home/Index/departlist/branchtype/1
INFO: [ app_init ] --START--
INFO: Run Behavior\BuildLiteBehavior [ RunTime:0.000013s ]
INFO: [ app_init ] --END-- [ RunTime:0.000261s ]
INFO: [ app_begin ] --START--
INFO: Run Behavior\ReadHtmlCacheBehavior [ RunTime:0.000307s ]
INFO: [ app_begin ] --END-- [ RunTime:0.000345s ]
NOTIC: [8] A session had already been started - ignoring session_start() /data/wwwroot/tjzsyl/ThinkPHP/Common/functions.php 第 1263 行.
SQL: SHOW COLUMNS FROM `zs_user` [ RunTime:0.0007s ]
SQL: SHOW COLUMNS FROM `zs_user` [ RunTime:0.0004s ]
SQL: SELECT * FROM `zs_user` WHERE `openid` = 'o4d8FwiTJhmFextwCrKds-u1yre8' LIMIT 1   [ RunTime:0.0001s ]
SQL: SHOW COLUMNS FROM `zs_department` [ RunTime:0.0004s ]
NOTIC: [8] Undefined variable: erwhere /data/wwwroot/tjzsyl/Application/Home/Controller/IndexController.class.php 第 41 行.
SQL: SELECT * FROM `zs_department` WHERE `isenabled` = 1 AND `servendays` = 1 AND `branchtype` = 1 ORDER BY `ordernum` asc  [ RunTime:0.0001s ]
INFO: [ view_parse ] --START--
INFO: [ template_filter ] --START--
INFO: Run Behavior\ContentReplaceBehavior [ RunTime:0.000055s ]
INFO: [ template_filter ] --END-- [ RunTime:0.000110s ]
INFO: Run Behavior\ParseTemplateBehavior [ RunTime:0.005723s ]
INFO: [ view_parse ] --END-- [ RunTime:0.005764s ]
INFO: [ view_filter ] --START--
INFO: Run Behavior\WriteHtmlCacheBehavior [ RunTime:0.000121s ]
INFO: [ view_filter ] --END-- [ RunTime:0.000158s ]
INFO: [ app_end ] --START--
INFO: Run Behavior\ShowPageTraceBehavior [ RunTime:0.000366s ]
INFO: [ app_end ] --END-- [ RunTime:0.000404s ]

[ 2017-11-20T08:51:44+08:00 ] 123.151.77.70 /index.php/Home/Index/departmentArrange/deptid/8f5b4b93-8888-463e-b3e9-010ec7280351
INFO: [ app_init ] --START--
INFO: Run Behavior\BuildLiteBehavior [ RunTime:0.000013s ]
INFO: [ app_init ] --END-- [ RunTime:0.000265s ]
INFO: [ app_begin ] --START--
INFO: Run Behavior\ReadHtmlCacheBehavior [ RunTime:0.000311s ]
INFO: [ app_begin ] --END-- [ RunTime:0.000390s ]
NOTIC: [8] A session had already been started - ignoring session_start() /data/wwwroot/tjzsyl/ThinkPHP/Common/functions.php 第 1263 行.
SQL: SHOW COLUMNS FROM `zs_user` [ RunTime:0.0006s ]
SQL: SHOW COLUMNS FROM `zs_user` [ RunTime:0.0004s ]
SQL: SELECT * FROM `zs_user` WHERE `openid` = 'o4d8FwiTJhmFextwCrKds-u1yre8' LIMIT 1   [ RunTime:0.0001s ]
SQL: SHOW COLUMNS FROM `zs_deptdayavl` [ RunTime:0.0004s ]
NOTIC: [8] Use of undefined constant status - assumed 'status' /data/wwwroot/tjzsyl/Application/Home/Controller/IndexController.class.php 第 58 行.
SQL: SELECT * FROM `zs_deptdayavl` WHERE ( date >= '2017-11-21' and date <= '2017-11-27' ) AND `status` = 1 AND `deptid` = '8f5b4b93-8888-463e-b3e9-010ec7280351' GROUP BY date  [ RunTime:0.0007s ]
SQL: SHOW COLUMNS FROM `zs_department` [ RunTime:0.0004s ]
SQL: SELECT * FROM `zs_department` WHERE `deptid` = '8f5b4b93-8888-463e-b3e9-010ec7280351' LIMIT 1   [ RunTime:0.0001s ]
SQL: SHOW COLUMNS FROM `zs_visitreal` [ RunTime:0.0007s ]
SQL: SELECT * FROM `zs_visitreal` WHERE `deptid` = '8f5b4b93-8888-463e-b3e9-010ec7280351' AND `visitdate` = '2017-11-21' AND `isenabled` = 1 LIMIT 20   [ RunTime:0.0001s ]
SQL: SHOW COLUMNS FROM `zs_doctor` [ RunTime:0.0004s ]
SQL: SELECT * FROM `zs_doctor` WHERE ( docid in ('fc7b5d14-5132-4d84-9388-70aade10e27c','8d2d90df-9b07-4ef9-a589-77d2d87dada5','3a6aaf3f-bb09-4a99-b130-5a6a50d6aeb6','b6540aa9-9a8a-4aeb-addb-a0107bb7570c','72b5e833-3356-4e82-857e-1da1d434cf62','c142e738-61e6-4c49-ae01-ab56e70dc53f','00c92cf0-a8b8-4e7d-810b-25ac11026f42','8dd71449-f510-4ef2-ae4c-2360b0bf730a') ) AND `isenabled` = 1  [ RunTime:0.0005s ]
SQL: SHOW COLUMNS FROM `zs_docanddep` [ RunTime:0.0004s ]
SQL: SELECT * FROM `zs_docanddep` WHERE ( docid in ('fc7b5d14-5132-4d84-9388-70aade10e27c','8d2d90df-9b07-4ef9-a589-77d2d87dada5','3a6aaf3f-bb09-4a99-b130-5a6a50d6aeb6','b6540aa9-9a8a-4aeb-addb-a0107bb7570c','72b5e833-3356-4e82-857e-1da1d434cf62','c142e738-61e6-4c49-ae01-ab56e70dc53f','00c92cf0-a8b8-4e7d-810b-25ac11026f42','8dd71449-f510-4ef2-ae4c-2360b0bf730a') ) AND `isenabled` = 1  [ RunTime:0.0001s ]
SQL: SHOW COLUMNS FROM `zs_visittype` [ RunTime:0.0004s ]
SQL: SELECT * FROM `zs_visittype` WHERE ( visittypeid in ('efde1e58-f449-4fc7-9697-fe893bb42ae3','efde1e58-f449-4fc7-9697-fe893bb42ae3','efde1e58-f449-4fc7-9697-fe893bb42ae3','efde1e58-f449-4fc7-9697-fe893bb42ae3','77928a94-e433-4c01-8cd4-cd341b376b3d','efde1e58-f449-4fc7-9697-fe893bb42ae3','77928a94-e433-4c01-8cd4-cd341b376b3d','efde1e58-f449-4fc7-9697-fe893bb42ae3') )  [ RunTime:0.0001s ]
INFO: [ view_parse ] --START--
INFO: [ template_filter ] --START--
INFO: Run Behavior\ContentReplaceBehavior [ RunTime:0.000066s ]
INFO: [ template_filter ] --END-- [ RunTime:0.000107s ]
INFO: Run Behavior\ParseTemplateBehavior [ RunTime:0.009754s ]
INFO: [ view_parse ] --END-- [ RunTime:0.009797s ]
INFO: [ view_filter ] --START--
INFO: Run Behavior\WriteHtmlCacheBehavior [ RunTime:0.000112s ]
INFO: [ view_filter ] --END-- [ RunTime:0.000144s ]
INFO: [ app_end ] --START--
INFO: Run Behavior\ShowPageTraceBehavior [ RunTime:0.000371s ]
INFO: [ app_end ] --END-- [ RunTime:0.000414s ]

[ 2017-11-20T08:51:54+08:00 ] 58.247.212.98 /index.php/Home/Index/departmentArrange/deptid/8f5b4b93-8888-463e-b3e9-010ec7280351
INFO: [ app_init ] --START--
INFO: Run Behavior\BuildLiteBehavior [ RunTime:0.000013s ]
INFO: [ app_init ] --END-- [ RunTime:0.000268s ]
INFO: [ app_begin ] --START--
INFO: Run Behavior\ReadHtmlCacheBehavior [ RunTime:0.000311s ]
INFO: [ app_begin ] --END-- [ RunTime:0.000349s ]
NOTIC: [8] A session had already been started - ignoring session_start() /data/wwwroot/tjzsyl/ThinkPHP/Common/functions.php 第 1263 行.
SQL: SHOW COLUMNS FROM `zs_user` [ RunTime:0.0007s ]

[ 2017-11-20T08:53:38+08:00 ] 101.226.65.107 /
INFO: [ app_init ] --START--
INFO: Run Behavior\BuildLiteBehavior [ RunTime:0.000012s ]
INFO: [ app_init ] --END-- [ RunTime:0.000255s ]
INFO: [ app_begin ] --START--
INFO: Run Behavior\ReadHtmlCacheBehavior [ RunTime:0.000308s ]
INFO: [ app_begin ] --END-- [ RunTime:0.000347s ]
NOTIC: [8] A session had already been started - ignoring session_start() /data/wwwroot/tjzsyl/ThinkPHP/Common/functions.php 第 1263 行.
SQL: SHOW COLUMNS FROM `zs_user` [ RunTime:0.0006s ]

[ 2017-11-20T11:47:24+08:00 ] 66.249.75.146 /
INFO: [ app_init ] --START--
INFO: Run Behavior\BuildLiteBehavior [ RunTime:0.000013s ]
INFO: [ app_init ] --END-- [ RunTime:0.000252s ]
INFO: [ app_begin ] --START--
INFO: Run Behavior\ReadHtmlCacheBehavior [ RunTime:0.000308s ]
INFO: [ app_begin ] --END-- [ RunTime:0.000387s ]
NOTIC: [8] A session had already been started - ignoring session_start() /data/wwwroot/tjzsyl/ThinkPHP/Common/functions.php 第 1263 行.
SQL: SHOW COLUMNS FROM `zs_user` [ RunTime:0.0006s ]

[ 2017-11-20T11:52:22+08:00 ] 66.249.75.148 /
INFO: [ app_init ] --START--
INFO: Run Behavior\BuildLiteBehavior [ RunTime:0.000012s ]
INFO: [ app_init ] --END-- [ RunTime:0.000295s ]
INFO: [ app_begin ] --START--
INFO: Run Behavior\ReadHtmlCacheBehavior [ RunTime:0.000305s ]
INFO: [ app_begin ] --END-- [ RunTime:0.000345s ]
NOTIC: [8] A session had already been started - ignoring session_start() /data/wwwroot/tjzsyl/ThinkPHP/Common/functions.php 第 1263 行.
SQL: SHOW COLUMNS FROM `zs_user` [ RunTime:0.0006s ]

[ 2017-11-20T12:47:14+08:00 ] 120.76.76.87 /
INFO: [ app_init ] --START--
INFO: Run Behavior\BuildLiteBehavior [ RunTime:0.000012s ]
INFO: [ app_init ] --END-- [ RunTime:0.000251s ]
INFO: [ app_begin ] --START--
INFO: Run Behavior\ReadHtmlCacheBehavior [ RunTime:0.000356s ]
INFO: [ app_begin ] --END-- [ RunTime:0.000397s ]
NOTIC: [8] A session had already been started - ignoring session_start() /data/wwwroot/tjzsyl/ThinkPHP/Common/functions.php 第 1263 行.
SQL: SHOW COLUMNS FROM `zs_user` [ RunTime:0.0007s ]

[ 2017-11-20T12:58:21+08:00 ] 66.249.75.144 /
INFO: [ app_init ] --START--
INFO: Run Behavior\BuildLiteBehavior [ RunTime:0.000013s ]
INFO: [ app_init ] --END-- [ RunTime:0.000302s ]
INFO: [ app_begin ] --START--
INFO: Run Behavior\ReadHtmlCacheBehavior [ RunTime:0.000307s ]
INFO: [ app_begin ] --END-- [ RunTime:0.000345s ]
NOTIC: [8] A session had already been started - ignoring session_start() /data/wwwroot/tjzsyl/ThinkPHP/Common/functions.php 第 1263 行.
SQL: SHOW COLUMNS FROM `zs_user` [ RunTime:0.0007s ]

[ 2017-11-20T13:03:31+08:00 ] 66.249.75.144 /
INFO: [ app_init ] --START--
INFO: Run Behavior\BuildLiteBehavior [ RunTime:0.000012s ]
INFO: [ app_init ] --END-- [ RunTime:0.000252s ]
INFO: [ app_begin ] --START--
INFO: Run Behavior\ReadHtmlCacheBehavior [ RunTime:0.000366s ]
INFO: [ app_begin ] --END-- [ RunTime:0.000406s ]
NOTIC: [8] A session had already been started - ignoring session_start() /data/wwwroot/tjzsyl/ThinkPHP/Common/functions.php 第 1263 行.
SQL: SHOW COLUMNS FROM `zs_user` [ RunTime:0.0006s ]

[ 2017-11-20T14:15:46+08:00 ] 54.219.178.100 /
INFO: [ app_init ] --START--
INFO: Run Behavior\BuildLiteBehavior [ RunTime:0.000013s ]
INFO: [ app_init ] --END-- [ RunTime:0.000263s ]
INFO: [ app_begin ] --START--
INFO: Run Behavior\ReadHtmlCacheBehavior [ RunTime:0.000311s ]
INFO: [ app_begin ] --END-- [ RunTime:0.000350s ]
NOTIC: [8] A session had already been started - ignoring session_start() /data/wwwroot/tjzsyl/ThinkPHP/Common/functions.php 第 1263 行.
SQL: SHOW COLUMNS FROM `zs_user` [ RunTime:0.0007s ]

[ 2017-11-20T17:48:09+08:00 ] 62.210.101.104 /index.php?s=/Home/User/login/from/1.html
INFO: [ app_init ] --START--
INFO: Run Behavior\BuildLiteBehavior [ RunTime:0.000014s ]
INFO: [ app_init ] --END-- [ RunTime:0.000252s ]
INFO: [ app_begin ] --START--
INFO: Run Behavior\ReadHtmlCacheBehavior [ RunTime:0.000329s ]
INFO: [ app_begin ] --END-- [ RunTime:0.000368s ]
NOTIC: [8] A session had already been started - ignoring session_start() /data/wwwroot/tjzsyl/ThinkPHP/Common/functions.php 第 1263 行.
SQL: SHOW COLUMNS FROM `zs_user` [ RunTime:0.0008s ]

[ 2017-11-20T17:53:34+08:00 ] 64.74.215.1 /
INFO: [ app_init ] --START--
INFO: Run Behavior\BuildLiteBehavior [ RunTime:0.000016s ]
INFO: [ app_init ] --END-- [ RunTime:0.000411s ]
INFO: [ app_begin ] --START--
INFO: Run Behavior\ReadHtmlCacheBehavior [ RunTime:0.000312s ]
INFO: [ app_begin ] --END-- [ RunTime:0.000352s ]
NOTIC: [8] A session had already been started - ignoring session_start() /data/wwwroot/tjzsyl/ThinkPHP/Common/functions.php 第 1263 行.
SQL: SHOW COLUMNS FROM `zs_user` [ RunTime:0.0006s ]

[ 2017-11-20T20:16:46+08:00 ] 183.136.190.62 /
INFO: [ app_init ] --START--
INFO: Run Behavior\BuildLiteBehavior [ RunTime:0.000012s ]
INFO: [ app_init ] --END-- [ RunTime:0.000271s ]
INFO: [ app_begin ] --START--
INFO: Run Behavior\ReadHtmlCacheBehavior [ RunTime:0.000310s ]
INFO: [ app_begin ] --END-- [ RunTime:0.000350s ]
NOTIC: [8] A session had already been started - ignoring session_start() /data/wwwroot/tjzsyl/ThinkPHP/Common/functions.php 第 1263 行.
SQL: SHOW COLUMNS FROM `zs_user` [ RunTime:0.0006s ]

[ 2017-11-20T21:16:38+08:00 ] 202.108.211.56 /
INFO: [ app_init ] --START--
INFO: Run Behavior\BuildLiteBehavior [ RunTime:0.000012s ]
INFO: [ app_init ] --END-- [ RunTime:0.000253s ]
INFO: [ app_begin ] --START--
INFO: Run Behavior\ReadHtmlCacheBehavior [ RunTime:0.000307s ]
INFO: [ app_begin ] --END-- [ RunTime:0.000347s ]
NOTIC: [8] A session had already been started - ignoring session_start() /data/wwwroot/tjzsyl/ThinkPHP/Common/functions.php 第 1263 行.
SQL: SHOW COLUMNS FROM `zs_user` [ RunTime:0.0006s ]

[ 2017-11-20T23:44:25+08:00 ] 101.226.65.107 /
INFO: [ app_init ] --START--
INFO: Run Behavior\BuildLiteBehavior [ RunTime:0.000012s ]
INFO: [ app_init ] --END-- [ RunTime:0.000256s ]
INFO: [ app_begin ] --START--
INFO: Run Behavior\ReadHtmlCacheBehavior [ RunTime:0.000359s ]
INFO: [ app_begin ] --END-- [ RunTime:0.000400s ]
NOTIC: [8] A session had already been started - ignoring session_start() /data/wwwroot/tjzsyl/ThinkPHP/Common/functions.php 第 1263 行.
SQL: SHOW COLUMNS FROM `zs_user` [ RunTime:0.0006s ]

