[ 2017-06-07T22:03:19+08:00 ] 110.229.30.230 /manage/index.php?m=home&c=login&a=login&backurl=
INFO: [ app_init ] --START--
INFO: Run Behavior\BuildLiteBehavior [ RunTime:0.000012s ]
INFO: [ app_init ] --END-- [ RunTime:0.000260s ]
INFO: [ app_begin ] --START--
INFO: Run Behavior\ReadHtmlCacheBehavior [ RunTime:0.000362s ]
INFO: [ app_begin ] --END-- [ RunTime:0.000404s ]
NOTIC: [8] A session had already been started - ignoring session_start() /data/wwwroot/tjzsyl/manage/ThinkPHP/Common/functions.php 第 1263 行.
INFO: [ view_parse ] --START--
INFO: [ template_filter ] --START--
INFO: Run Behavior\ContentReplaceBehavior [ RunTime:0.000048s ]
INFO: [ template_filter ] --END-- [ RunTime:0.000106s ]
INFO: Run Behavior\ParseTemplateBehavior [ RunTime:0.005101s ]
INFO: [ view_parse ] --END-- [ RunTime:0.005140s ]
INFO: [ view_filter ] --START--
INFO: Run Behavior\WriteHtmlCacheBehavior [ RunTime:0.000123s ]
INFO: [ view_filter ] --END-- [ RunTime:0.000161s ]
INFO: [ app_end ] --START--
INFO: Run Behavior\ShowPageTraceBehavior [ RunTime:0.000688s ]
INFO: [ app_end ] --END-- [ RunTime:0.000734s ]

[ 2017-06-07T22:03:21+08:00 ] 110.229.30.230 /manage/index.php?m=home&c=login&a=login&backurl=
INFO: [ app_init ] --START--
INFO: Run Behavior\BuildLiteBehavior [ RunTime:0.000013s ]
INFO: [ app_init ] --END-- [ RunTime:0.000314s ]
INFO: [ app_begin ] --START--
INFO: Run Behavior\ReadHtmlCacheBehavior [ RunTime:0.000309s ]
INFO: [ app_begin ] --END-- [ RunTime:0.000349s ]
NOTIC: [8] A session had already been started - ignoring session_start() /data/wwwroot/tjzsyl/manage/ThinkPHP/Common/functions.php 第 1263 行.
INFO: [ view_parse ] --START--
INFO: [ template_filter ] --START--
INFO: Run Behavior\ContentReplaceBehavior [ RunTime:0.000038s ]
INFO: [ template_filter ] --END-- [ RunTime:0.000079s ]
INFO: Run Behavior\ParseTemplateBehavior [ RunTime:0.004367s ]
INFO: [ view_parse ] --END-- [ RunTime:0.004405s ]
INFO: [ view_filter ] --START--
INFO: Run Behavior\WriteHtmlCacheBehavior [ RunTime:0.000110s ]
INFO: [ view_filter ] --END-- [ RunTime:0.000142s ]
INFO: [ app_end ] --START--
INFO: Run Behavior\ShowPageTraceBehavior [ RunTime:0.000316s ]
INFO: [ app_end ] --END-- [ RunTime:0.000350s ]

[ 2017-06-07T22:03:28+08:00 ] 110.229.30.230 /manage/index.php?m=home&c=ajax&a=login
INFO: [ app_init ] --START--
INFO: Run Behavior\BuildLiteBehavior [ RunTime:0.000013s ]
INFO: [ app_init ] --END-- [ RunTime:0.000253s ]
INFO: [ app_begin ] --START--
INFO: Run Behavior\ReadHtmlCacheBehavior [ RunTime:0.000306s ]
INFO: [ app_begin ] --END-- [ RunTime:0.000382s ]
NOTIC: [8] A session had already been started - ignoring session_start() /data/wwwroot/tjzsyl/manage/ThinkPHP/Common/functions.php 第 1263 行.
ERR: 1146:Table 'zs.zs_zshospitallogin' doesn't exist
 [ SQL语句 ] : SHOW COLUMNS FROM `zs_zshospitallogin`
ERR: 1146:Table 'zs.zs_zshospitallogin' doesn't exist
 [ SQL语句 ] : SHOW COLUMNS FROM `zs_zshospitallogin`

[ 2017-06-07T22:03:36+08:00 ] 110.229.30.230 /manage/index.php?m=home&c=ajax&a=login
INFO: [ app_init ] --START--
INFO: Run Behavior\BuildLiteBehavior [ RunTime:0.000013s ]
INFO: [ app_init ] --END-- [ RunTime:0.000256s ]
INFO: [ app_begin ] --START--
INFO: Run Behavior\ReadHtmlCacheBehavior [ RunTime:0.000305s ]
INFO: [ app_begin ] --END-- [ RunTime:0.000343s ]
NOTIC: [8] A session had already been started - ignoring session_start() /data/wwwroot/tjzsyl/manage/ThinkPHP/Common/functions.php 第 1263 行.
ERR: 1146:Table 'zs.zs_zshospitallogin' doesn't exist
 [ SQL语句 ] : SHOW COLUMNS FROM `zs_zshospitallogin`
ERR: 1146:Table 'zs.zs_zshospitallogin' doesn't exist
 [ SQL语句 ] : SHOW COLUMNS FROM `zs_zshospitallogin`

[ 2017-06-07T22:05:34+08:00 ] 110.229.30.230 /manage/index.php?m=home&c=ajax&a=login
INFO: [ app_init ] --START--
INFO: Run Behavior\BuildLiteBehavior [ RunTime:0.000013s ]
INFO: [ app_init ] --END-- [ RunTime:0.000273s ]
INFO: [ app_begin ] --START--
INFO: Run Behavior\ReadHtmlCacheBehavior [ RunTime:0.000400s ]
INFO: [ app_begin ] --END-- [ RunTime:0.000439s ]
NOTIC: [8] A session had already been started - ignoring session_start() /data/wwwroot/tjzsyl/manage/ThinkPHP/Common/functions.php 第 1263 行.
ERR: 1146:Table 'zs.zs_zshospitallogin' doesn't exist
 [ SQL语句 ] : SHOW COLUMNS FROM `zs_zshospitallogin`
ERR: 1146:Table 'zs.zs_zshospitallogin' doesn't exist
 [ SQL语句 ] : SHOW COLUMNS FROM `zs_zshospitallogin`

[ 2017-06-07T22:05:54+08:00 ] 110.229.30.230 /manage/index.php?m=home&c=login&a=login&backurl=
INFO: [ app_init ] --START--
INFO: Run Behavior\BuildLiteBehavior [ RunTime:0.000013s ]
INFO: [ app_init ] --END-- [ RunTime:0.000252s ]
INFO: [ app_begin ] --START--
INFO: Run Behavior\ReadHtmlCacheBehavior [ RunTime:0.000309s ]
INFO: [ app_begin ] --END-- [ RunTime:0.000349s ]
NOTIC: [8] A session had already been started - ignoring session_start() /data/wwwroot/tjzsyl/manage/ThinkPHP/Common/functions.php 第 1263 行.
INFO: [ view_parse ] --START--
INFO: [ template_filter ] --START--
INFO: Run Behavior\ContentReplaceBehavior [ RunTime:0.000041s ]
INFO: [ template_filter ] --END-- [ RunTime:0.000081s ]
INFO: Run Behavior\ParseTemplateBehavior [ RunTime:0.004418s ]
INFO: [ view_parse ] --END-- [ RunTime:0.004457s ]
INFO: [ view_filter ] --START--
INFO: Run Behavior\WriteHtmlCacheBehavior [ RunTime:0.000109s ]
INFO: [ view_filter ] --END-- [ RunTime:0.000141s ]
INFO: [ app_end ] --START--
INFO: Run Behavior\ShowPageTraceBehavior [ RunTime:0.000364s ]
INFO: [ app_end ] --END-- [ RunTime:0.000399s ]

[ 2017-06-07T22:05:56+08:00 ] 110.229.30.230 /manage/index.php?m=home&c=login&a=login&backurl=
INFO: [ app_init ] --START--
INFO: Run Behavior\BuildLiteBehavior [ RunTime:0.000013s ]
INFO: [ app_init ] --END-- [ RunTime:0.000250s ]
INFO: [ app_begin ] --START--
INFO: Run Behavior\ReadHtmlCacheBehavior [ RunTime:0.000339s ]
INFO: [ app_begin ] --END-- [ RunTime:0.000378s ]
NOTIC: [8] A session had already been started - ignoring session_start() /data/wwwroot/tjzsyl/manage/ThinkPHP/Common/functions.php 第 1263 行.
INFO: [ view_parse ] --START--
INFO: [ template_filter ] --START--
INFO: Run Behavior\ContentReplaceBehavior [ RunTime:0.000038s ]
INFO: [ template_filter ] --END-- [ RunTime:0.000077s ]
INFO: Run Behavior\ParseTemplateBehavior [ RunTime:0.004396s ]
INFO: [ view_parse ] --END-- [ RunTime:0.004434s ]
INFO: [ view_filter ] --START--
INFO: Run Behavior\WriteHtmlCacheBehavior [ RunTime:0.000109s ]
INFO: [ view_filter ] --END-- [ RunTime:0.000140s ]
INFO: [ app_end ] --START--
INFO: Run Behavior\ShowPageTraceBehavior [ RunTime:0.000321s ]
INFO: [ app_end ] --END-- [ RunTime:0.000355s ]

[ 2017-06-07T22:06:08+08:00 ] 110.229.30.230 /manage/index.php?m=home&c=ajax&a=login
INFO: [ app_init ] --START--
INFO: Run Behavior\BuildLiteBehavior [ RunTime:0.000013s ]
INFO: [ app_init ] --END-- [ RunTime:0.000250s ]
INFO: [ app_begin ] --START--
INFO: Run Behavior\ReadHtmlCacheBehavior [ RunTime:0.000309s ]
INFO: [ app_begin ] --END-- [ RunTime:0.000347s ]
NOTIC: [8] A session had already been started - ignoring session_start() /data/wwwroot/tjzsyl/manage/ThinkPHP/Common/functions.php 第 1263 行.
ERR: 1146:Table 'zs.zs_zshospitallogin' doesn't exist
 [ SQL语句 ] : SHOW COLUMNS FROM `zs_zshospitallogin`
ERR: 1146:Table 'zs.zs_zshospitallogin' doesn't exist
 [ SQL语句 ] : SHOW COLUMNS FROM `zs_zshospitallogin`

[ 2017-06-07T22:11:14+08:00 ] 110.229.30.230 /manage/index.php?m=home&c=ajax&a=login
INFO: [ app_init ] --START--
INFO: Run Behavior\BuildLiteBehavior [ RunTime:0.000013s ]
INFO: [ app_init ] --END-- [ RunTime:0.000255s ]
INFO: [ app_begin ] --START--
INFO: Run Behavior\ReadHtmlCacheBehavior [ RunTime:0.000350s ]
INFO: [ app_begin ] --END-- [ RunTime:0.000388s ]
NOTIC: [8] A session had already been started - ignoring session_start() /data/wwwroot/tjzsyl/manage/ThinkPHP/Common/functions.php 第 1263 行.
SQL: SHOW COLUMNS FROM `zs_hospitallogin` [ RunTime:0.0006s ]
SQL: SELECT * FROM `zs_hospitallogin` WHERE `username` = 'ruanwenwu' AND `password` = '123456' LIMIT 1   [ RunTime:0.0002s ]
SQL: SHOW COLUMNS FROM `zs_hospital` [ RunTime:0.0004s ]
SQL: SELECT * FROM `zs_hospital` WHERE `id` = 1 LIMIT 1   [ RunTime:0.0002s ]

[ 2017-06-07T22:11:14+08:00 ] 110.229.30.230 /manage/
INFO: [ app_init ] --START--
INFO: Run Behavior\BuildLiteBehavior [ RunTime:0.000011s ]
INFO: [ app_init ] --END-- [ RunTime:0.000233s ]
INFO: [ app_begin ] --START--
INFO: Run Behavior\ReadHtmlCacheBehavior [ RunTime:0.000345s ]
INFO: [ app_begin ] --END-- [ RunTime:0.000383s ]
NOTIC: [8] A session had already been started - ignoring session_start() /data/wwwroot/tjzsyl/manage/ThinkPHP/Common/functions.php 第 1263 行.
NOTIC: [2] Missing argument 1 for checkLogin(), called in /data/wwwroot/tjzsyl/manage/Application/Home/Controller/IndexController.class.php on line 11 and defined /data/wwwroot/tjzsyl/manage/Application/Home/Common/function.php 第 2 行.
ERR: 1146:Table 'zs.zs_zshospital' doesn't exist
 [ SQL语句 ] : SHOW COLUMNS FROM `zs_zshospital`
ERR: 1146:Table 'zs.zs_zshospital' doesn't exist
 [ SQL语句 ] : SHOW COLUMNS FROM `zs_zshospital`

[ 2017-06-07T22:12:15+08:00 ] 110.229.30.230 /manage/
INFO: [ app_init ] --START--
INFO: Run Behavior\BuildLiteBehavior [ RunTime:0.000014s ]
INFO: [ app_init ] --END-- [ RunTime:0.000290s ]
INFO: [ app_begin ] --START--
INFO: Run Behavior\ReadHtmlCacheBehavior [ RunTime:0.000307s ]
INFO: [ app_begin ] --END-- [ RunTime:0.000345s ]
NOTIC: [8] A session had already been started - ignoring session_start() /data/wwwroot/tjzsyl/manage/ThinkPHP/Common/functions.php 第 1263 行.
NOTIC: [2] Missing argument 1 for checkLogin(), called in /data/wwwroot/tjzsyl/manage/Application/Home/Controller/IndexController.class.php on line 11 and defined /data/wwwroot/tjzsyl/manage/Application/Home/Common/function.php 第 2 行.
INFO: [ view_parse ] --START--
INFO: [ template_filter ] --START--
INFO: Run Behavior\ContentReplaceBehavior [ RunTime:0.000092s ]
INFO: [ template_filter ] --END-- [ RunTime:0.000138s ]
NOTIC: [8] Undefined index: name /data/wwwroot/tjzsyl/manage/Application/Runtime/Cache/Home/2a94b8bda04ff446dcedd42276fc99ee.php 第 381 行.
NOTIC: [8] Undefined index: name /data/wwwroot/tjzsyl/manage/Application/Runtime/Cache/Home/2a94b8bda04ff446dcedd42276fc99ee.php 第 451 行.
NOTIC: [8] Undefined index: address /data/wwwroot/tjzsyl/manage/Application/Runtime/Cache/Home/2a94b8bda04ff446dcedd42276fc99ee.php 第 458 行.
NOTIC: [8] Undefined index: tel /data/wwwroot/tjzsyl/manage/Application/Runtime/Cache/Home/2a94b8bda04ff446dcedd42276fc99ee.php 第 465 行.
NOTIC: [8] Undefined index: website /data/wwwroot/tjzsyl/manage/Application/Runtime/Cache/Home/2a94b8bda04ff446dcedd42276fc99ee.php 第 473 行.
NOTIC: [8] Undefined index: traffic /data/wwwroot/tjzsyl/manage/Application/Runtime/Cache/Home/2a94b8bda04ff446dcedd42276fc99ee.php 第 479 行.
NOTIC: [8] Undefined index: desc /data/wwwroot/tjzsyl/manage/Application/Runtime/Cache/Home/2a94b8bda04ff446dcedd42276fc99ee.php 第 486 行.
NOTIC: [8] Undefined index: icon /data/wwwroot/tjzsyl/manage/Application/Runtime/Cache/Home/2a94b8bda04ff446dcedd42276fc99ee.php 第 495 行.
NOTIC: [8] Undefined index: icon /data/wwwroot/tjzsyl/manage/Application/Runtime/Cache/Home/2a94b8bda04ff446dcedd42276fc99ee.php 第 497 行.
NOTIC: [8] Undefined index: icon /data/wwwroot/tjzsyl/manage/Application/Runtime/Cache/Home/2a94b8bda04ff446dcedd42276fc99ee.php 第 504 行.
NOTIC: [8] Undefined index: poster /data/wwwroot/tjzsyl/manage/Application/Runtime/Cache/Home/2a94b8bda04ff446dcedd42276fc99ee.php 第 506 行.
INFO: Run Behavior\ParseTemplateBehavior [ RunTime:0.016019s ]
INFO: [ view_parse ] --END-- [ RunTime:0.016053s ]
INFO: [ view_filter ] --START--
INFO: Run Behavior\WriteHtmlCacheBehavior [ RunTime:0.000116s ]
INFO: [ view_filter ] --END-- [ RunTime:0.000149s ]
INFO: [ app_end ] --START--
INFO: Run Behavior\ShowPageTraceBehavior [ RunTime:0.000318s ]
INFO: [ app_end ] --END-- [ RunTime:0.000356s ]

[ 2017-06-07T22:12:16+08:00 ] 110.229.30.230 /manage/
INFO: [ app_init ] --START--
INFO: Run Behavior\BuildLiteBehavior [ RunTime:0.000013s ]
INFO: [ app_init ] --END-- [ RunTime:0.000251s ]
INFO: [ app_begin ] --START--
INFO: Run Behavior\ReadHtmlCacheBehavior [ RunTime:0.000309s ]
INFO: [ app_begin ] --END-- [ RunTime:0.000347s ]
NOTIC: [8] A session had already been started - ignoring session_start() /data/wwwroot/tjzsyl/manage/ThinkPHP/Common/functions.php 第 1263 行.
NOTIC: [2] Missing argument 1 for checkLogin(), called in /data/wwwroot/tjzsyl/manage/Application/Home/Controller/IndexController.class.php on line 11 and defined /data/wwwroot/tjzsyl/manage/Application/Home/Common/function.php 第 2 行.
INFO: [ view_parse ] --START--
INFO: [ template_filter ] --START--
INFO: Run Behavior\ContentReplaceBehavior [ RunTime:0.000099s ]
INFO: [ template_filter ] --END-- [ RunTime:0.000163s ]
NOTIC: [8] Undefined index: name /data/wwwroot/tjzsyl/manage/Application/Runtime/Cache/Home/2a94b8bda04ff446dcedd42276fc99ee.php 第 381 行.
NOTIC: [8] Undefined index: name /data/wwwroot/tjzsyl/manage/Application/Runtime/Cache/Home/2a94b8bda04ff446dcedd42276fc99ee.php 第 451 行.
NOTIC: [8] Undefined index: address /data/wwwroot/tjzsyl/manage/Application/Runtime/Cache/Home/2a94b8bda04ff446dcedd42276fc99ee.php 第 458 行.
NOTIC: [8] Undefined index: tel /data/wwwroot/tjzsyl/manage/Application/Runtime/Cache/Home/2a94b8bda04ff446dcedd42276fc99ee.php 第 465 行.
NOTIC: [8] Undefined index: website /data/wwwroot/tjzsyl/manage/Application/Runtime/Cache/Home/2a94b8bda04ff446dcedd42276fc99ee.php 第 473 行.
NOTIC: [8] Undefined index: traffic /data/wwwroot/tjzsyl/manage/Application/Runtime/Cache/Home/2a94b8bda04ff446dcedd42276fc99ee.php 第 479 行.
NOTIC: [8] Undefined index: desc /data/wwwroot/tjzsyl/manage/Application/Runtime/Cache/Home/2a94b8bda04ff446dcedd42276fc99ee.php 第 486 行.
NOTIC: [8] Undefined index: icon /data/wwwroot/tjzsyl/manage/Application/Runtime/Cache/Home/2a94b8bda04ff446dcedd42276fc99ee.php 第 495 行.
NOTIC: [8] Undefined index: icon /data/wwwroot/tjzsyl/manage/Application/Runtime/Cache/Home/2a94b8bda04ff446dcedd42276fc99ee.php 第 497 行.
NOTIC: [8] Undefined index: icon /data/wwwroot/tjzsyl/manage/Application/Runtime/Cache/Home/2a94b8bda04ff446dcedd42276fc99ee.php 第 504 行.
NOTIC: [8] Undefined index: poster /data/wwwroot/tjzsyl/manage/Application/Runtime/Cache/Home/2a94b8bda04ff446dcedd42276fc99ee.php 第 506 行.
INFO: Run Behavior\ParseTemplateBehavior [ RunTime:0.014922s ]
INFO: [ view_parse ] --END-- [ RunTime:0.014958s ]
INFO: [ view_filter ] --START--
INFO: Run Behavior\WriteHtmlCacheBehavior [ RunTime:0.000139s ]
INFO: [ view_filter ] --END-- [ RunTime:0.000172s ]
INFO: [ app_end ] --START--
INFO: Run Behavior\ShowPageTraceBehavior [ RunTime:0.000346s ]
INFO: [ app_end ] --END-- [ RunTime:0.000386s ]

[ 2017-06-07T22:12:30+08:00 ] 110.229.30.230 /manage/
INFO: [ app_init ] --START--
INFO: Run Behavior\BuildLiteBehavior [ RunTime:0.000012s ]
INFO: [ app_init ] --END-- [ RunTime:0.000247s ]
INFO: [ app_begin ] --START--
INFO: Run Behavior\ReadHtmlCacheBehavior [ RunTime:0.000308s ]
INFO: [ app_begin ] --END-- [ RunTime:0.000348s ]
NOTIC: [8] A session had already been started - ignoring session_start() /data/wwwroot/tjzsyl/manage/ThinkPHP/Common/functions.php 第 1263 行.
NOTIC: [2] Missing argument 1 for checkLogin(), called in /data/wwwroot/tjzsyl/manage/Application/Home/Controller/IndexController.class.php on line 11 and defined /data/wwwroot/tjzsyl/manage/Application/Home/Common/function.php 第 2 行.
INFO: [ view_parse ] --START--
INFO: [ template_filter ] --START--
INFO: Run Behavior\ContentReplaceBehavior [ RunTime:0.000089s ]
INFO: [ template_filter ] --END-- [ RunTime:0.000134s ]
NOTIC: [8] Undefined index: name /data/wwwroot/tjzsyl/manage/Application/Runtime/Cache/Home/2a94b8bda04ff446dcedd42276fc99ee.php 第 381 行.
NOTIC: [8] Undefined index: name /data/wwwroot/tjzsyl/manage/Application/Runtime/Cache/Home/2a94b8bda04ff446dcedd42276fc99ee.php 第 451 行.
NOTIC: [8] Undefined index: address /data/wwwroot/tjzsyl/manage/Application/Runtime/Cache/Home/2a94b8bda04ff446dcedd42276fc99ee.php 第 458 行.
NOTIC: [8] Undefined index: tel /data/wwwroot/tjzsyl/manage/Application/Runtime/Cache/Home/2a94b8bda04ff446dcedd42276fc99ee.php 第 465 行.
NOTIC: [8] Undefined index: website /data/wwwroot/tjzsyl/manage/Application/Runtime/Cache/Home/2a94b8bda04ff446dcedd42276fc99ee.php 第 473 行.
NOTIC: [8] Undefined index: traffic /data/wwwroot/tjzsyl/manage/Application/Runtime/Cache/Home/2a94b8bda04ff446dcedd42276fc99ee.php 第 479 行.
NOTIC: [8] Undefined index: desc /data/wwwroot/tjzsyl/manage/Application/Runtime/Cache/Home/2a94b8bda04ff446dcedd42276fc99ee.php 第 486 行.
NOTIC: [8] Undefined index: icon /data/wwwroot/tjzsyl/manage/Application/Runtime/Cache/Home/2a94b8bda04ff446dcedd42276fc99ee.php 第 495 行.
NOTIC: [8] Undefined index: icon /data/wwwroot/tjzsyl/manage/Application/Runtime/Cache/Home/2a94b8bda04ff446dcedd42276fc99ee.php 第 497 行.
NOTIC: [8] Undefined index: icon /data/wwwroot/tjzsyl/manage/Application/Runtime/Cache/Home/2a94b8bda04ff446dcedd42276fc99ee.php 第 504 行.
NOTIC: [8] Undefined index: poster /data/wwwroot/tjzsyl/manage/Application/Runtime/Cache/Home/2a94b8bda04ff446dcedd42276fc99ee.php 第 506 行.
INFO: Run Behavior\ParseTemplateBehavior [ RunTime:0.015542s ]
INFO: [ view_parse ] --END-- [ RunTime:0.015576s ]
INFO: [ view_filter ] --START--
INFO: Run Behavior\WriteHtmlCacheBehavior [ RunTime:0.000114s ]
INFO: [ view_filter ] --END-- [ RunTime:0.000147s ]
INFO: [ app_end ] --START--
INFO: Run Behavior\ShowPageTraceBehavior [ RunTime:0.000362s ]
INFO: [ app_end ] --END-- [ RunTime:0.000402s ]

[ 2017-06-07T22:12:33+08:00 ] 110.229.30.230 /manage/index.php?m=home&c=Log&a=errinfo
INFO: [ app_init ] --START--
INFO: Run Behavior\BuildLiteBehavior [ RunTime:0.000014s ]
INFO: [ app_init ] --END-- [ RunTime:0.000253s ]
INFO: [ app_begin ] --START--
INFO: Run Behavior\ReadHtmlCacheBehavior [ RunTime:0.000308s ]
INFO: [ app_begin ] --END-- [ RunTime:0.000347s ]
NOTIC: [8] A session had already been started - ignoring session_start() /data/wwwroot/tjzsyl/manage/ThinkPHP/Common/functions.php 第 1263 行.
NOTIC: [2] Missing argument 1 for checkLogin(), called in /data/wwwroot/tjzsyl/manage/Application/Home/Controller/LogController.class.php on line 11 and defined /data/wwwroot/tjzsyl/manage/Application/Home/Common/function.php 第 2 行.
ERR: 1146:Table 'zs.zs_zshospital' doesn't exist
 [ SQL语句 ] : SHOW COLUMNS FROM `zs_zshospital`
ERR: 1146:Table 'zs.zs_zshospital' doesn't exist
 [ SQL语句 ] : SHOW COLUMNS FROM `zs_zshospital`

[ 2017-06-07T22:12:36+08:00 ] 110.229.30.230 /manage/
INFO: [ app_init ] --START--
INFO: Run Behavior\BuildLiteBehavior [ RunTime:0.000013s ]
INFO: [ app_init ] --END-- [ RunTime:0.000257s ]
INFO: [ app_begin ] --START--
INFO: Run Behavior\ReadHtmlCacheBehavior [ RunTime:0.000461s ]
INFO: [ app_begin ] --END-- [ RunTime:0.000501s ]
NOTIC: [8] A session had already been started - ignoring session_start() /data/wwwroot/tjzsyl/manage/ThinkPHP/Common/functions.php 第 1263 行.
NOTIC: [2] Missing argument 1 for checkLogin(), called in /data/wwwroot/tjzsyl/manage/Application/Home/Controller/IndexController.class.php on line 11 and defined /data/wwwroot/tjzsyl/manage/Application/Home/Common/function.php 第 2 行.
INFO: [ view_parse ] --START--
INFO: [ template_filter ] --START--
INFO: Run Behavior\ContentReplaceBehavior [ RunTime:0.000097s ]
INFO: [ template_filter ] --END-- [ RunTime:0.000159s ]
NOTIC: [8] Undefined index: name /data/wwwroot/tjzsyl/manage/Application/Runtime/Cache/Home/2a94b8bda04ff446dcedd42276fc99ee.php 第 381 行.
NOTIC: [8] Undefined index: name /data/wwwroot/tjzsyl/manage/Application/Runtime/Cache/Home/2a94b8bda04ff446dcedd42276fc99ee.php 第 451 行.
NOTIC: [8] Undefined index: address /data/wwwroot/tjzsyl/manage/Application/Runtime/Cache/Home/2a94b8bda04ff446dcedd42276fc99ee.php 第 458 行.
NOTIC: [8] Undefined index: tel /data/wwwroot/tjzsyl/manage/Application/Runtime/Cache/Home/2a94b8bda04ff446dcedd42276fc99ee.php 第 465 行.
NOTIC: [8] Undefined index: website /data/wwwroot/tjzsyl/manage/Application/Runtime/Cache/Home/2a94b8bda04ff446dcedd42276fc99ee.php 第 473 行.
NOTIC: [8] Undefined index: traffic /data/wwwroot/tjzsyl/manage/Application/Runtime/Cache/Home/2a94b8bda04ff446dcedd42276fc99ee.php 第 479 行.
NOTIC: [8] Undefined index: desc /data/wwwroot/tjzsyl/manage/Application/Runtime/Cache/Home/2a94b8bda04ff446dcedd42276fc99ee.php 第 486 行.
NOTIC: [8] Undefined index: icon /data/wwwroot/tjzsyl/manage/Application/Runtime/Cache/Home/2a94b8bda04ff446dcedd42276fc99ee.php 第 495 行.
NOTIC: [8] Undefined index: icon /data/wwwroot/tjzsyl/manage/Application/Runtime/Cache/Home/2a94b8bda04ff446dcedd42276fc99ee.php 第 497 行.
NOTIC: [8] Undefined index: icon /data/wwwroot/tjzsyl/manage/Application/Runtime/Cache/Home/2a94b8bda04ff446dcedd42276fc99ee.php 第 504 行.
NOTIC: [8] Undefined index: poster /data/wwwroot/tjzsyl/manage/Application/Runtime/Cache/Home/2a94b8bda04ff446dcedd42276fc99ee.php 第 506 行.
INFO: Run Behavior\ParseTemplateBehavior [ RunTime:0.015435s ]
INFO: [ view_parse ] --END-- [ RunTime:0.015471s ]
INFO: [ view_filter ] --START--
INFO: Run Behavior\WriteHtmlCacheBehavior [ RunTime:0.000116s ]
INFO: [ view_filter ] --END-- [ RunTime:0.000148s ]
INFO: [ app_end ] --START--
INFO: Run Behavior\ShowPageTraceBehavior [ RunTime:0.000384s ]
INFO: [ app_end ] --END-- [ RunTime:0.000432s ]

[ 2017-06-07T22:12:46+08:00 ] 110.229.30.230 /manage/
INFO: [ app_init ] --START--
INFO: Run Behavior\BuildLiteBehavior [ RunTime:0.000013s ]
INFO: [ app_init ] --END-- [ RunTime:0.000252s ]
INFO: [ app_begin ] --START--
INFO: Run Behavior\ReadHtmlCacheBehavior [ RunTime:0.000309s ]
INFO: [ app_begin ] --END-- [ RunTime:0.000349s ]
NOTIC: [8] A session had already been started - ignoring session_start() /data/wwwroot/tjzsyl/manage/ThinkPHP/Common/functions.php 第 1263 行.
NOTIC: [2] Missing argument 1 for checkLogin(), called in /data/wwwroot/tjzsyl/manage/Application/Home/Controller/IndexController.class.php on line 11 and defined /data/wwwroot/tjzsyl/manage/Application/Home/Common/function.php 第 2 行.
INFO: [ view_parse ] --START--
INFO: [ template_filter ] --START--
INFO: Run Behavior\ContentReplaceBehavior [ RunTime:0.000087s ]
INFO: [ template_filter ] --END-- [ RunTime:0.000128s ]
NOTIC: [8] Undefined index: name /data/wwwroot/tjzsyl/manage/Application/Runtime/Cache/Home/2a94b8bda04ff446dcedd42276fc99ee.php 第 381 行.
NOTIC: [8] Undefined index: name /data/wwwroot/tjzsyl/manage/Application/Runtime/Cache/Home/2a94b8bda04ff446dcedd42276fc99ee.php 第 451 行.
NOTIC: [8] Undefined index: address /data/wwwroot/tjzsyl/manage/Application/Runtime/Cache/Home/2a94b8bda04ff446dcedd42276fc99ee.php 第 458 行.
NOTIC: [8] Undefined index: tel /data/wwwroot/tjzsyl/manage/Application/Runtime/Cache/Home/2a94b8bda04ff446dcedd42276fc99ee.php 第 465 行.
NOTIC: [8] Undefined index: website /data/wwwroot/tjzsyl/manage/Application/Runtime/Cache/Home/2a94b8bda04ff446dcedd42276fc99ee.php 第 473 行.
NOTIC: [8] Undefined index: traffic /data/wwwroot/tjzsyl/manage/Application/Runtime/Cache/Home/2a94b8bda04ff446dcedd42276fc99ee.php 第 479 行.
NOTIC: [8] Undefined index: desc /data/wwwroot/tjzsyl/manage/Application/Runtime/Cache/Home/2a94b8bda04ff446dcedd42276fc99ee.php 第 486 行.
NOTIC: [8] Undefined index: icon /data/wwwroot/tjzsyl/manage/Application/Runtime/Cache/Home/2a94b8bda04ff446dcedd42276fc99ee.php 第 495 行.
NOTIC: [8] Undefined index: icon /data/wwwroot/tjzsyl/manage/Application/Runtime/Cache/Home/2a94b8bda04ff446dcedd42276fc99ee.php 第 497 行.
NOTIC: [8] Undefined index: icon /data/wwwroot/tjzsyl/manage/Application/Runtime/Cache/Home/2a94b8bda04ff446dcedd42276fc99ee.php 第 504 行.
NOTIC: [8] Undefined index: poster /data/wwwroot/tjzsyl/manage/Application/Runtime/Cache/Home/2a94b8bda04ff446dcedd42276fc99ee.php 第 506 行.
INFO: Run Behavior\ParseTemplateBehavior [ RunTime:0.014539s ]
INFO: [ view_parse ] --END-- [ RunTime:0.014574s ]
INFO: [ view_filter ] --START--
INFO: Run Behavior\WriteHtmlCacheBehavior [ RunTime:0.000109s ]
INFO: [ view_filter ] --END-- [ RunTime:0.000141s ]
INFO: [ app_end ] --START--
INFO: Run Behavior\ShowPageTraceBehavior [ RunTime:0.000359s ]
INFO: [ app_end ] --END-- [ RunTime:0.000397s ]

[ 2017-06-07T22:12:52+08:00 ] 110.229.30.230 /manage/index.php?m=home&c=Log&a=errinfo
INFO: [ app_init ] --START--
INFO: Run Behavior\BuildLiteBehavior [ RunTime:0.000013s ]
INFO: [ app_init ] --END-- [ RunTime:0.000247s ]
INFO: [ app_begin ] --START--
INFO: Run Behavior\ReadHtmlCacheBehavior [ RunTime:0.000306s ]
INFO: [ app_begin ] --END-- [ RunTime:0.000346s ]
NOTIC: [8] A session had already been started - ignoring session_start() /data/wwwroot/tjzsyl/manage/ThinkPHP/Common/functions.php 第 1263 行.
NOTIC: [2] Missing argument 1 for checkLogin(), called in /data/wwwroot/tjzsyl/manage/Application/Home/Controller/LogController.class.php on line 11 and defined /data/wwwroot/tjzsyl/manage/Application/Home/Common/function.php 第 2 行.
ERR: 1146:Table 'zs.zs_zshospital' doesn't exist
 [ SQL语句 ] : SHOW COLUMNS FROM `zs_zshospital`
ERR: 1146:Table 'zs.zs_zshospital' doesn't exist
 [ SQL语句 ] : SHOW COLUMNS FROM `zs_zshospital`

[ 2017-06-07T22:12:54+08:00 ] 110.229.30.230 /manage/
INFO: [ app_init ] --START--
INFO: Run Behavior\BuildLiteBehavior [ RunTime:0.000013s ]
INFO: [ app_init ] --END-- [ RunTime:0.000254s ]
INFO: [ app_begin ] --START--
INFO: Run Behavior\ReadHtmlCacheBehavior [ RunTime:0.000411s ]
INFO: [ app_begin ] --END-- [ RunTime:0.000462s ]
NOTIC: [8] A session had already been started - ignoring session_start() /data/wwwroot/tjzsyl/manage/ThinkPHP/Common/functions.php 第 1263 行.
NOTIC: [2] Missing argument 1 for checkLogin(), called in /data/wwwroot/tjzsyl/manage/Application/Home/Controller/IndexController.class.php on line 11 and defined /data/wwwroot/tjzsyl/manage/Application/Home/Common/function.php 第 2 行.
INFO: [ view_parse ] --START--
INFO: [ template_filter ] --START--
INFO: Run Behavior\ContentReplaceBehavior [ RunTime:0.000089s ]
INFO: [ template_filter ] --END-- [ RunTime:0.000131s ]
NOTIC: [8] Undefined index: name /data/wwwroot/tjzsyl/manage/Application/Runtime/Cache/Home/2a94b8bda04ff446dcedd42276fc99ee.php 第 381 行.
NOTIC: [8] Undefined index: name /data/wwwroot/tjzsyl/manage/Application/Runtime/Cache/Home/2a94b8bda04ff446dcedd42276fc99ee.php 第 451 行.
NOTIC: [8] Undefined index: address /data/wwwroot/tjzsyl/manage/Application/Runtime/Cache/Home/2a94b8bda04ff446dcedd42276fc99ee.php 第 458 行.
NOTIC: [8] Undefined index: tel /data/wwwroot/tjzsyl/manage/Application/Runtime/Cache/Home/2a94b8bda04ff446dcedd42276fc99ee.php 第 465 行.
NOTIC: [8] Undefined index: website /data/wwwroot/tjzsyl/manage/Application/Runtime/Cache/Home/2a94b8bda04ff446dcedd42276fc99ee.php 第 473 行.
NOTIC: [8] Undefined index: traffic /data/wwwroot/tjzsyl/manage/Application/Runtime/Cache/Home/2a94b8bda04ff446dcedd42276fc99ee.php 第 479 行.
NOTIC: [8] Undefined index: desc /data/wwwroot/tjzsyl/manage/Application/Runtime/Cache/Home/2a94b8bda04ff446dcedd42276fc99ee.php 第 486 行.
NOTIC: [8] Undefined index: icon /data/wwwroot/tjzsyl/manage/Application/Runtime/Cache/Home/2a94b8bda04ff446dcedd42276fc99ee.php 第 495 行.
NOTIC: [8] Undefined index: icon /data/wwwroot/tjzsyl/manage/Application/Runtime/Cache/Home/2a94b8bda04ff446dcedd42276fc99ee.php 第 497 行.
NOTIC: [8] Undefined index: icon /data/wwwroot/tjzsyl/manage/Application/Runtime/Cache/Home/2a94b8bda04ff446dcedd42276fc99ee.php 第 504 行.
NOTIC: [8] Undefined index: poster /data/wwwroot/tjzsyl/manage/Application/Runtime/Cache/Home/2a94b8bda04ff446dcedd42276fc99ee.php 第 506 行.
INFO: Run Behavior\ParseTemplateBehavior [ RunTime:0.014554s ]
INFO: [ view_parse ] --END-- [ RunTime:0.014588s ]
INFO: [ view_filter ] --START--
INFO: Run Behavior\WriteHtmlCacheBehavior [ RunTime:0.000112s ]
INFO: [ view_filter ] --END-- [ RunTime:0.000143s ]
INFO: [ app_end ] --START--
INFO: Run Behavior\ShowPageTraceBehavior [ RunTime:0.000420s ]
INFO: [ app_end ] --END-- [ RunTime:0.000462s ]

